0
smc73-m02: Generating in-memory sample data...
smc73-m02: Done (2.096632603s)
smc73-m02: Running Write test...
smc73-m02: operation Write(1) completed in 1.36s|ServiceUnavailable: Reduce your request rate
smc73-m02: 	status code: 503, request id: , host id: 
smc73-m02: operation Write(2) completed in 1.41s|ServiceUnavailable: Reduce your request rate
smc73-m02: 	status code: 503, request id: , host id: 
smc73-m02: operation Write(3) completed in 0.91s|RequestError: send request failed
smc73-m02: caused by: Put "https://s3.seagate.com/bmax/loadgen_test_4SSEMC6XEPZIZRC4MVVJTEDWSLUCIQMFNT3MPJYBDMGLFW5ZQOF75ZTM3N36Z2N5TL5D3J4AWV2YCOVNXTO7WK7KRIG5SP5XRJQXXOI_27": write tcp 192.168.48.88:44128->192.168.48.157:443: write: broken pipe
smc73-m02: operation Write(4) completed in 1.92s|ServiceUnavailable: Reduce your request rate
smc73-m02: 	status code: 503, request id: , host id: 
smc73-m02: operation Write(5) completed in 1.98s|ServiceUnavailable: Reduce your request rate
smc73-m02: 	status code: 503, request id: , host id: 
smc73-m02: operation Write(6) completed in 3.87s|ServiceUnavailable: Reduce your request rate
smc73-m02: 	status code: 503, request id: , host id: 
smc73-m02: operation Write(7) completed in 2.93s|ServiceUnavailable: Reduce your request rate
smc73-m02: 	status code: 503, request id: , host id: 
smc73-m02: operation Write(8) completed in 4.39s|ServiceUnavailable: Reduce your request rate
smc73-m02: 	status code: 503, request id: , host id: 
smc73-m02: operation Write(9) completed in 5.53s|ServiceUnavailable: Reduce your request rate
smc73-m02: 	status code: 503, request id: , host id: 
smc73-m02: operation Write(10) completed in 5.54s|ServiceUnavailable: Reduce your request rate
smc73-m02: 	status code: 503, request id: , host id: 
smc73-m02: operation Write(11) completed in 5.44s|ServiceUnavailable: Reduce your request rate
smc73-m02: 	status code: 503, request id: , host id: 
smc73-m02: operation Write(12) completed in 8.30s|%!s(<nil>)
smc73-m02: operation Write(13) completed in 8.45s|%!s(<nil>)
smc73-m02: operation Write(14) completed in 8.52s|%!s(<nil>)
smc73-m02: operation Write(15) completed in 7.93s|%!s(<nil>)
smc73-m02: operation Write(16) completed in 8.70s|%!s(<nil>)
smc73-m02: operation Write(17) completed in 8.09s|%!s(<nil>)
smc73-m02: operation Write(18) completed in 8.71s|%!s(<nil>)
smc73-m02: operation Write(19) completed in 8.73s|%!s(<nil>)
smc73-m02: operation Write(20) completed in 8.76s|%!s(<nil>)
smc73-m02: operation Write(21) completed in 8.77s|%!s(<nil>)
smc73-m02: operation Write(22) completed in 8.16s|%!s(<nil>)
smc73-m02: operation Write(23) completed in 8.16s|%!s(<nil>)
smc73-m02: operation Write(24) completed in 8.78s|%!s(<nil>)
smc73-m02: operation Write(25) completed in 8.20s|%!s(<nil>)
smc73-m02: operation Write(26) completed in 8.91s|%!s(<nil>)
smc73-m02: operation Write(27) completed in 8.92s|%!s(<nil>)
smc73-m02: operation Write(28) completed in 7.84s|%!s(<nil>)
smc73-m02: operation Write(29) completed in 8.38s|%!s(<nil>)
smc73-m02: operation Write(30) completed in 8.36s|%!s(<nil>)
smc73-m02: operation Write(31) completed in 8.46s|%!s(<nil>)
smc73-m02: operation Write(32) completed in 8.48s|%!s(<nil>)
smc73-m02: operation Write(33) completed in 9.16s|%!s(<nil>)
smc73-m02: operation Write(34) completed in 9.20s|%!s(<nil>)
smc73-m02: operation Write(35) completed in 8.17s|%!s(<nil>)
smc73-m02: operation Write(36) completed in 8.71s|%!s(<nil>)
smc73-m02: operation Write(37) completed in 8.76s|%!s(<nil>)
smc73-m02: operation Write(38) completed in 8.77s|%!s(<nil>)
smc73-m02: operation Write(39) completed in 8.83s|%!s(<nil>)
smc73-m02: operation Write(40) completed in 9.54s|%!s(<nil>)
smc73-m02: operation Write(41) completed in 8.95s|%!s(<nil>)
smc73-m02: operation Write(42) completed in 9.59s|%!s(<nil>)
smc73-m02: operation Write(43) completed in 9.04s|%!s(<nil>)
smc73-m02: operation Write(44) completed in 9.69s|%!s(<nil>)
smc73-m02: operation Write(45) completed in 8.58s|%!s(<nil>)
smc73-m02: operation Write(46) completed in 9.13s|%!s(<nil>)
smc73-m02: operation Write(47) completed in 8.84s|%!s(<nil>)
smc73-m02: operation Write(48) completed in 8.84s|%!s(<nil>)
smc73-m02: operation Write(49) completed in 8.86s|%!s(<nil>)
smc73-m02: operation Write(50) completed in 8.87s|%!s(<nil>)
smc73-m02: operation Write(51) completed in 8.88s|%!s(<nil>)
smc73-m02: operation Write(52) completed in 9.58s|%!s(<nil>)
smc73-m02: operation Write(53) completed in 9.58s|%!s(<nil>)
smc73-m02: operation Write(54) completed in 9.16s|%!s(<nil>)
smc73-m02: operation Write(55) completed in 10.63s|%!s(<nil>)
smc73-m02: operation Write(56) completed in 10.19s|%!s(<nil>)
smc73-m02: operation Write(57) completed in 9.65s|%!s(<nil>)
smc73-m02: operation Write(58) completed in 11.60s|%!s(<nil>)
smc73-m02: operation Write(59) completed in 11.76s|%!s(<nil>)
smc73-m02: operation Write(60) completed in 11.53s|%!s(<nil>)
smc73-m02: operation Write(61) completed in 13.00s|%!s(<nil>)
smc73-m02: operation Write(62) completed in 12.38s|%!s(<nil>)
smc73-m02: operation Write(63) completed in 12.38s|%!s(<nil>)
smc73-m02: operation Write(64) completed in 12.44s|%!s(<nil>)
smc73-m02: Running Read test...
smc73-m02: operation Read(1) completed in 0.04s|NoSuchKey: The specified key does not exist.
smc73-m02: 	status code: 404, request id: 9f0af8a6-70bc-4663-9ea0-b3a8e25d49ad, host id: 
smc73-m02: operation Read(2) completed in 0.10s|NoSuchKey: The specified key does not exist.
smc73-m02: 	status code: 404, request id: a8ff1448-2b9e-4b2b-8d49-501f4c2cdf3a, host id: 
smc73-m02: operation Read(3) completed in 0.15s|NoSuchKey: The specified key does not exist.
smc73-m02: 	status code: 404, request id: f1e07523-f365-4518-aa89-d8deb4cdf7dd, host id: 
smc73-m02: operation Read(4) completed in 0.15s|NoSuchKey: The specified key does not exist.
smc73-m02: 	status code: 404, request id: 2d901da7-a3fa-4037-863a-864d40e6816b, host id: 
smc73-m02: operation Read(5) completed in 0.17s|NoSuchKey: The specified key does not exist.
smc73-m02: 	status code: 404, request id: 5f7fa199-e66a-478d-b341-3459e5f9b0bc, host id: 
smc73-m02: operation Read(6) completed in 0.18s|NoSuchKey: The specified key does not exist.
smc73-m02: 	status code: 404, request id: 5ca8b9f8-a4c4-41b9-b94f-ebec6d4eb980, host id: 
smc73-m02: operation Read(7) completed in 0.18s|NoSuchKey: The specified key does not exist.
smc73-m02: 	status code: 404, request id: 25fa8e04-f5e3-46ff-95a0-616020cdbf2a, host id: 
smc73-m02: operation Read(8) completed in 0.19s|NoSuchKey: The specified key does not exist.
smc73-m02: 	status code: 404, request id: 2a460b45-3b66-46ae-aec5-e90ce940ed16, host id: 
smc73-m02: operation Read(9) completed in 0.19s|NoSuchKey: The specified key does not exist.
smc73-m02: 	status code: 404, request id: f0ded86d-7982-4498-8747-ab2c52e5f4be, host id: 
smc73-m02: operation Read(10) completed in 0.20s|NoSuchKey: The specified key does not exist.
smc73-m02: 	status code: 404, request id: 58e5302a-ef9e-482f-91b1-d24914addfb6, host id: 
smc73-m02: operation Read(11) completed in 0.23s|NoSuchKey: The specified key does not exist.
smc73-m02: 	status code: 404, request id: 4f358e9a-21ec-4c69-ae85-8b9242626257, host id: 
smc73-m02: operation Read(12) completed in 1.62s|%!s(<nil>)
smc73-m02: operation Read(13) completed in 1.78s|%!s(<nil>)
smc73-m02: operation Read(14) completed in 1.84s|%!s(<nil>)
smc73-m02: operation Read(15) completed in 1.87s|%!s(<nil>)
smc73-m02: operation Read(16) completed in 1.88s|%!s(<nil>)
smc73-m02: operation Read(17) completed in 1.95s|%!s(<nil>)
smc73-m02: operation Read(18) completed in 2.06s|%!s(<nil>)
smc73-m02: operation Read(19) completed in 2.46s|%!s(<nil>)
smc73-m02: operation Read(20) completed in 2.49s|%!s(<nil>)
smc73-m02: operation Read(21) completed in 11.35s|%!s(<nil>)
smc73-m02: operation Read(22) completed in 11.38s|%!s(<nil>)
smc73-m02: operation Read(23) completed in 11.38s|%!s(<nil>)
smc73-m02: operation Read(24) completed in 11.41s|%!s(<nil>)
smc73-m02: operation Read(25) completed in 11.42s|%!s(<nil>)
smc73-m02: operation Read(26) completed in 11.43s|%!s(<nil>)
smc73-m02: operation Read(27) completed in 11.80s|%!s(<nil>)
smc73-m02: operation Read(28) completed in 12.06s|%!s(<nil>)
smc73-m02: operation Read(29) completed in 12.08s|%!s(<nil>)
smc73-m02: operation Read(30) completed in 12.38s|%!s(<nil>)
smc73-m02: operation Read(31) completed in 12.38s|%!s(<nil>)
smc73-m02: operation Read(32) completed in 12.44s|%!s(<nil>)
smc73-m02: operation Read(33) completed in 12.47s|%!s(<nil>)
smc73-m02: operation Read(34) completed in 12.48s|%!s(<nil>)
smc73-m02: operation Read(35) completed in 12.54s|%!s(<nil>)
smc73-m02: operation Read(36) completed in 12.57s|%!s(<nil>)
smc73-m02: operation Read(37) completed in 12.58s|%!s(<nil>)
smc73-m02: operation Read(38) completed in 12.58s|%!s(<nil>)
smc73-m02: operation Read(39) completed in 12.59s|%!s(<nil>)
smc73-m02: operation Read(40) completed in 12.59s|%!s(<nil>)
smc73-m02: operation Read(41) completed in 12.59s|%!s(<nil>)
smc73-m02: operation Read(42) completed in 12.59s|%!s(<nil>)
smc73-m02: operation Read(43) completed in 12.59s|%!s(<nil>)
smc73-m02: operation Read(44) completed in 12.59s|%!s(<nil>)
smc73-m02: operation Read(45) completed in 12.60s|%!s(<nil>)
smc73-m02: operation Read(46) completed in 12.60s|%!s(<nil>)
smc73-m02: operation Read(47) completed in 12.60s|%!s(<nil>)
smc73-m02: operation Read(48) completed in 12.60s|%!s(<nil>)
smc73-m02: operation Read(49) completed in 12.61s|%!s(<nil>)
smc73-m02: operation Read(50) completed in 12.61s|%!s(<nil>)
smc73-m02: operation Read(51) completed in 12.62s|%!s(<nil>)
smc73-m02: operation Read(52) completed in 12.62s|%!s(<nil>)
smc73-m02: operation Read(53) completed in 12.63s|%!s(<nil>)
smc73-m02: operation Read(54) completed in 12.63s|%!s(<nil>)
smc73-m02: operation Read(55) completed in 12.63s|%!s(<nil>)
smc73-m02: operation Read(56) completed in 12.64s|%!s(<nil>)
smc73-m02: operation Read(57) completed in 12.64s|%!s(<nil>)
smc73-m02: operation Read(58) completed in 12.65s|%!s(<nil>)
smc73-m02: operation Read(59) completed in 12.65s|%!s(<nil>)
smc73-m02: operation Read(60) completed in 12.65s|%!s(<nil>)
smc73-m02: operation Read(61) completed in 12.65s|%!s(<nil>)
smc73-m02: operation Read(62) completed in 12.65s|%!s(<nil>)
smc73-m02: operation Read(63) completed in 12.66s|%!s(<nil>)
smc73-m02: operation Read(64) completed in 12.66s|%!s(<nil>)
smc73-m02: Cleaning up 64 objects...
smc73-m02: Deleting a batch of 64 objects in range {0, 63}...  done in 1.888478196s | err <nil>
smc73-m02: Deleting bucket...
smc73-m02: Succeeded
smc73-m02: {"Parameters":{"TLSHandshakeTimeout":0,"bucket":"bmax","connectTimeout":0,"deleteAtOnce":1000,"deleteClients":1,"deleteOnly":false,"endpoints":["https://s3.seagate.com"],"getObjTag":false,"headObj":false,"httpClientTimeout":0,"idleConnTimeout":0,"jsonOutput":true,"maxIdleConnsPerHost":0,"multipartSize":0,"numClients":64,"numSamples":64,"numTags":10,"objectNamePrefix":"loadgen_test","objectSize (MB)":256,"protocolDebug":0,"putObjTag":false,"readObj":true,"reportFormat":"Version;Parameters;Parameters:numClients;Parameters:numSamples;Parameters:objectSize (MB);Parameters:sampleReads;Parameters:readObj;Parameters:headObj;Parameters:putObjTag;Parameters:getObjTag;Tests:Operation;Tests:RPS;Tests:Total Requests Count;Tests:Errors Count;Tests:Total Throughput (MB/s);Tests:Total Duration (s);Tests:Total Transferred (MB);Tests:Duration Max;Tests:Duration Avg;Tests:Duration Min;Tests:Ttfb Max;Tests:Ttfb Avg;Tests:Ttfb Min;-Tests:Duration 25th-ile;-Tests:Duration 50th-ile;-Tests:Duration 75th-ile;-Tests:Ttfb 25th-ile;-Tests:Ttfb 50th-ile;-Tests:Ttfb 75th-ile;","responseHeaderTimeout":0,"s3Disable100Continue":false,"s3MaxRetries":-1,"sampleReads":1,"skipRead":false,"skipWrite":false,"tagNamePrefix":"tag_name_","tagValPrefix":"tag_val_","validate":false,"verbose":true,"zero":false},"Tests":[{"Duration 25th-ile":8.516272199,"Duration 50th-ile":8.842900559,"Duration 75th-ile":9.578685962,"Duration 90th-ile":11.602879571,"Duration 99th-ile":12.996027250000001,"Duration Avg":9.279874704679242,"Duration Max":12.996027250000001,"Duration Min":7.837740942,"Errors":["Write(1) completed in 1.36s with error ServiceUnavailable: Reduce your request rate\n\tstatus code: 503, request id: , host id: ","Write(2) completed in 1.41s with error ServiceUnavailable: Reduce your request rate\n\tstatus code: 503, request id: , host id: ","Write(3) completed in 0.91s with error RequestError: send request failed\ncaused by: Put \"https://s3.seagate.com/bmax/loadgen_test_4SSEMC6XEPZIZRC4MVVJTEDWSLUCIQMFNT3MPJYBDMGLFW5ZQOF75ZTM3N36Z2N5TL5D3J4AWV2YCOVNXTO7WK7KRIG5SP5XRJQXXOI_27\": write tcp 192.168.48.88:44128-\u003e192.168.48.157:443: write: broken pipe","Write(4) completed in 1.92s with error ServiceUnavailable: Reduce your request rate\n\tstatus code: 503, request id: , host id: ","Write(5) completed in 1.98s with error ServiceUnavailable: Reduce your request rate\n\tstatus code: 503, request id: , host id: ","Write(6) completed in 3.87s with error ServiceUnavailable: Reduce your request rate\n\tstatus code: 503, request id: , host id: ","Write(7) completed in 2.93s with error ServiceUnavailable: Reduce your request rate\n\tstatus code: 503, request id: , host id: ","Write(8) completed in 4.39s with error ServiceUnavailable: Reduce your request rate\n\tstatus code: 503, request id: , host id: ","Write(9) completed in 5.53s with error ServiceUnavailable: Reduce your request rate\n\tstatus code: 503, request id: , host id: ","Write(10) completed in 5.54s with error ServiceUnavailable: Reduce your request rate\n\tstatus code: 503, request id: , host id: ","Write(11) completed in 5.44s with error ServiceUnavailable: Reduce your request rate\n\tstatus code: 503, request id: , host id: "],"Errors Count":11,"Operation":"Write","RPS":3.0876540875071843,"Total Duration (s)":13.602560005,"Total Requests Count":53,"Total Throughput (MB/s)":997.4593014118448,"Total Transferred (MB)":13568,"Ttfb 25th-ile":8.516271784,"Ttfb 50th-ile":8.842900101,"Ttfb 75th-ile":9.578685863,"Ttfb 90th-ile":11.602879203,"Ttfb 99th-ile":12.996026918,"Ttfb Avg":9.279874385018868,"Ttfb Max":12.996026918,"Ttfb Min":7.837740603},{"Duration 25th-ile":11.415081377,"Duration 50th-ile":12.579713853,"Duration 75th-ile":12.6218887,"Duration 90th-ile":12.649831488,"Duration 99th-ile":12.660146712,"Duration Avg":10.619021019679247,"Duration Max":12.660146712,"Duration Min":1.617663482,"Errors":["Read(1) completed in 0.04s with error NoSuchKey: The specified key does not exist.\n\tstatus code: 404, request id: 9f0af8a6-70bc-4663-9ea0-b3a8e25d49ad, host id: ","Read(2) completed in 0.10s with error NoSuchKey: The specified key does not exist.\n\tstatus code: 404, request id: a8ff1448-2b9e-4b2b-8d49-501f4c2cdf3a, host id: ","Read(3) completed in 0.15s with error NoSuchKey: The specified key does not exist.\n\tstatus code: 404, request id: f1e07523-f365-4518-aa89-d8deb4cdf7dd, host id: ","Read(4) completed in 0.15s with error NoSuchKey: The specified key does not exist.\n\tstatus code: 404, request id: 2d901da7-a3fa-4037-863a-864d40e6816b, host id: ","Read(5) completed in 0.17s with error NoSuchKey: The specified key does not exist.\n\tstatus code: 404, request id: 5f7fa199-e66a-478d-b341-3459e5f9b0bc, host id: ","Read(6) completed in 0.18s with error NoSuchKey: The specified key does not exist.\n\tstatus code: 404, request id: 5ca8b9f8-a4c4-41b9-b94f-ebec6d4eb980, host id: ","Read(7) completed in 0.18s with error NoSuchKey: The specified key does not exist.\n\tstatus code: 404, request id: 25fa8e04-f5e3-46ff-95a0-616020cdbf2a, host id: ","Read(8) completed in 0.19s with error NoSuchKey: The specified key does not exist.\n\tstatus code: 404, request id: 2a460b45-3b66-46ae-aec5-e90ce940ed16, host id: ","Read(9) completed in 0.19s with error NoSuchKey: The specified key does not exist.\n\tstatus code: 404, request id: f0ded86d-7982-4498-8747-ab2c52e5f4be, host id: ","Read(10) completed in 0.20s with error NoSuchKey: The specified key does not exist.\n\tstatus code: 404, request id: 58e5302a-ef9e-482f-91b1-d24914addfb6, host id: ","Read(11) completed in 0.23s with error NoSuchKey: The specified key does not exist.\n\tstatus code: 404, request id: 4f358e9a-21ec-4c69-ae85-8b9242626257, host id: "],"Errors Count":11,"Operation":"Read","RPS":3.317444552446002,"Total Duration (s)":12.660347245,"Total Requests Count":53,"Total Throughput (MB/s)":1071.6925639901751,"Total Transferred (MB)":13568,"Ttfb 25th-ile":0.447774856,"Ttfb 50th-ile":0.646001328,"Ttfb 75th-ile":0.685657769,"Ttfb 90th-ile":0.724102049,"Ttfb 99th-ile":0.773022809,"Ttfb Avg":0.5572284618867924,"Ttfb Max":0.773022809,"Ttfb Min":0.186613533}],"Version":"2021-02-04-04:50:32-04b03ce50b88c07fe8bf0e60b74af03dfbc12c38"}
