0
smc73-m02: Generating in-memory sample data...
smc73-m02: Done (2.092778743s)
smc73-m02: Running Write test...
smc73-m02: operation Write(1) completed in 1.50s|ServiceUnavailable: Reduce your request rate
smc73-m02: 	status code: 503, request id: , host id: 
smc73-m02: operation Write(2) completed in 9.74s|%!s(<nil>)
smc73-m02: operation Write(3) completed in 9.83s|%!s(<nil>)
smc73-m02: operation Write(4) completed in 10.40s|%!s(<nil>)
smc73-m02: operation Write(5) completed in 11.99s|%!s(<nil>)
smc73-m02: operation Write(6) completed in 14.40s|%!s(<nil>)
smc73-m02: operation Write(7) completed in 15.15s|%!s(<nil>)
smc73-m02: operation Write(8) completed in 15.29s|%!s(<nil>)
smc73-m02: operation Write(9) completed in 14.15s|%!s(<nil>)
smc73-m02: operation Write(10) completed in 14.74s|%!s(<nil>)
smc73-m02: operation Write(11) completed in 14.75s|%!s(<nil>)
smc73-m02: operation Write(12) completed in 14.75s|%!s(<nil>)
smc73-m02: operation Write(13) completed in 15.41s|%!s(<nil>)
smc73-m02: operation Write(14) completed in 14.25s|%!s(<nil>)
smc73-m02: operation Write(15) completed in 14.85s|%!s(<nil>)
smc73-m02: operation Write(16) completed in 14.86s|%!s(<nil>)
smc73-m02: operation Write(17) completed in 14.88s|%!s(<nil>)
smc73-m02: operation Write(18) completed in 15.51s|%!s(<nil>)
smc73-m02: operation Write(19) completed in 15.58s|%!s(<nil>)
smc73-m02: operation Write(20) completed in 14.98s|%!s(<nil>)
smc73-m02: operation Write(21) completed in 15.59s|%!s(<nil>)
smc73-m02: operation Write(22) completed in 15.59s|%!s(<nil>)
smc73-m02: operation Write(23) completed in 14.49s|%!s(<nil>)
smc73-m02: operation Write(24) completed in 15.65s|%!s(<nil>)
smc73-m02: operation Write(25) completed in 15.66s|%!s(<nil>)
smc73-m02: operation Write(26) completed in 15.73s|%!s(<nil>)
smc73-m02: operation Write(27) completed in 15.12s|%!s(<nil>)
smc73-m02: operation Write(28) completed in 15.13s|%!s(<nil>)
smc73-m02: operation Write(29) completed in 15.17s|%!s(<nil>)
smc73-m02: operation Write(30) completed in 15.80s|%!s(<nil>)
smc73-m02: operation Write(31) completed in 15.18s|%!s(<nil>)
smc73-m02: operation Write(32) completed in 15.80s|%!s(<nil>)
smc73-m02: operation Write(33) completed in 15.80s|%!s(<nil>)
smc73-m02: operation Write(34) completed in 15.84s|%!s(<nil>)
smc73-m02: operation Write(35) completed in 15.86s|%!s(<nil>)
smc73-m02: operation Write(36) completed in 15.92s|%!s(<nil>)
smc73-m02: operation Write(37) completed in 15.97s|%!s(<nil>)
smc73-m02: operation Write(38) completed in 15.36s|%!s(<nil>)
smc73-m02: operation Write(39) completed in 15.36s|%!s(<nil>)
smc73-m02: operation Write(40) completed in 15.36s|%!s(<nil>)
smc73-m02: operation Write(41) completed in 16.07s|%!s(<nil>)
smc73-m02: operation Write(42) completed in 15.59s|%!s(<nil>)
smc73-m02: operation Write(43) completed in 15.05s|%!s(<nil>)
smc73-m02: operation Write(44) completed in 15.10s|%!s(<nil>)
smc73-m02: operation Write(45) completed in 15.11s|%!s(<nil>)
smc73-m02: operation Write(46) completed in 15.66s|%!s(<nil>)
smc73-m02: operation Write(47) completed in 16.39s|%!s(<nil>)
smc73-m02: operation Write(48) completed in 16.39s|%!s(<nil>)
smc73-m02: operation Write(49) completed in 16.51s|%!s(<nil>)
smc73-m02: operation Write(50) completed in 15.34s|%!s(<nil>)
smc73-m02: operation Write(51) completed in 15.41s|%!s(<nil>)
smc73-m02: operation Write(52) completed in 15.42s|%!s(<nil>)
smc73-m02: operation Write(53) completed in 16.70s|%!s(<nil>)
smc73-m02: operation Write(54) completed in 16.09s|%!s(<nil>)
smc73-m02: operation Write(55) completed in 16.20s|%!s(<nil>)
smc73-m02: operation Write(56) completed in 15.66s|%!s(<nil>)
smc73-m02: operation Write(57) completed in 15.72s|%!s(<nil>)
smc73-m02: operation Write(58) completed in 15.84s|%!s(<nil>)
smc73-m02: operation Write(59) completed in 15.84s|%!s(<nil>)
smc73-m02: operation Write(60) completed in 15.85s|%!s(<nil>)
smc73-m02: operation Write(61) completed in 16.50s|%!s(<nil>)
smc73-m02: operation Write(62) completed in 16.70s|%!s(<nil>)
smc73-m02: operation Write(63) completed in 17.79s|%!s(<nil>)
smc73-m02: operation Write(64) completed in 18.38s|%!s(<nil>)
smc73-m02: Running Read test...
smc73-m02: operation Read(1) completed in 0.10s|NoSuchKey: The specified key does not exist.
smc73-m02: 	status code: 404, request id: 830ee723-8fcc-4931-b2a8-076eaf55a54b, host id: 
smc73-m02: operation Read(2) completed in 1.45s|%!s(<nil>)
smc73-m02: operation Read(3) completed in 1.47s|%!s(<nil>)
smc73-m02: operation Read(4) completed in 1.56s|%!s(<nil>)
smc73-m02: operation Read(5) completed in 1.66s|%!s(<nil>)
smc73-m02: operation Read(6) completed in 2.04s|%!s(<nil>)
smc73-m02: operation Read(7) completed in 2.16s|%!s(<nil>)
smc73-m02: operation Read(8) completed in 14.71s|%!s(<nil>)
smc73-m02: operation Read(9) completed in 14.78s|%!s(<nil>)
smc73-m02: operation Read(10) completed in 14.81s|%!s(<nil>)
smc73-m02: operation Read(11) completed in 15.14s|%!s(<nil>)
smc73-m02: operation Read(12) completed in 15.65s|%!s(<nil>)
smc73-m02: operation Read(13) completed in 15.75s|%!s(<nil>)
smc73-m02: operation Read(14) completed in 15.87s|%!s(<nil>)
smc73-m02: operation Read(15) completed in 15.93s|%!s(<nil>)
smc73-m02: operation Read(16) completed in 15.96s|%!s(<nil>)
smc73-m02: operation Read(17) completed in 15.99s|%!s(<nil>)
smc73-m02: operation Read(18) completed in 16.05s|%!s(<nil>)
smc73-m02: operation Read(19) completed in 16.11s|%!s(<nil>)
smc73-m02: operation Read(20) completed in 16.24s|%!s(<nil>)
smc73-m02: operation Read(21) completed in 16.24s|%!s(<nil>)
smc73-m02: operation Read(22) completed in 16.24s|%!s(<nil>)
smc73-m02: operation Read(23) completed in 16.26s|%!s(<nil>)
smc73-m02: operation Read(24) completed in 16.27s|%!s(<nil>)
smc73-m02: operation Read(25) completed in 16.28s|%!s(<nil>)
smc73-m02: operation Read(26) completed in 16.31s|%!s(<nil>)
smc73-m02: operation Read(27) completed in 16.31s|%!s(<nil>)
smc73-m02: operation Read(28) completed in 16.35s|%!s(<nil>)
smc73-m02: operation Read(29) completed in 16.35s|%!s(<nil>)
smc73-m02: operation Read(30) completed in 16.37s|%!s(<nil>)
smc73-m02: operation Read(31) completed in 16.37s|%!s(<nil>)
smc73-m02: operation Read(32) completed in 16.40s|%!s(<nil>)
smc73-m02: operation Read(33) completed in 16.40s|%!s(<nil>)
smc73-m02: operation Read(34) completed in 16.41s|%!s(<nil>)
smc73-m02: operation Read(35) completed in 16.41s|%!s(<nil>)
smc73-m02: operation Read(36) completed in 16.42s|%!s(<nil>)
smc73-m02: operation Read(37) completed in 16.42s|%!s(<nil>)
smc73-m02: operation Read(38) completed in 16.42s|%!s(<nil>)
smc73-m02: operation Read(39) completed in 16.43s|%!s(<nil>)
smc73-m02: operation Read(40) completed in 16.44s|%!s(<nil>)
smc73-m02: operation Read(41) completed in 16.44s|%!s(<nil>)
smc73-m02: operation Read(42) completed in 16.44s|%!s(<nil>)
smc73-m02: operation Read(43) completed in 16.44s|%!s(<nil>)
smc73-m02: operation Read(44) completed in 16.44s|%!s(<nil>)
smc73-m02: operation Read(45) completed in 16.45s|%!s(<nil>)
smc73-m02: operation Read(46) completed in 16.46s|%!s(<nil>)
smc73-m02: operation Read(47) completed in 16.46s|%!s(<nil>)
smc73-m02: operation Read(48) completed in 16.46s|%!s(<nil>)
smc73-m02: operation Read(49) completed in 16.46s|%!s(<nil>)
smc73-m02: operation Read(50) completed in 16.46s|%!s(<nil>)
smc73-m02: operation Read(51) completed in 16.46s|%!s(<nil>)
smc73-m02: operation Read(52) completed in 16.47s|%!s(<nil>)
smc73-m02: operation Read(53) completed in 16.47s|%!s(<nil>)
smc73-m02: operation Read(54) completed in 16.47s|%!s(<nil>)
smc73-m02: operation Read(55) completed in 16.48s|%!s(<nil>)
smc73-m02: operation Read(56) completed in 16.48s|%!s(<nil>)
smc73-m02: operation Read(57) completed in 16.49s|%!s(<nil>)
smc73-m02: operation Read(58) completed in 16.49s|%!s(<nil>)
smc73-m02: operation Read(59) completed in 16.49s|%!s(<nil>)
smc73-m02: operation Read(60) completed in 16.49s|%!s(<nil>)
smc73-m02: operation Read(61) completed in 16.49s|%!s(<nil>)
smc73-m02: operation Read(62) completed in 16.49s|%!s(<nil>)
smc73-m02: operation Read(63) completed in 16.50s|%!s(<nil>)
smc73-m02: operation Read(64) completed in 16.50s|%!s(<nil>)
smc73-m02: Cleaning up 64 objects...
smc73-m02: Deleting a batch of 64 objects in range {0, 63}...  done in 1.889454913s | err <nil>
smc73-m02: Deleting bucket...
smc73-m02: Succeeded
smc73-m02: {"Parameters":{"TLSHandshakeTimeout":0,"bucket":"bmax","connectTimeout":0,"deleteAtOnce":1000,"deleteClients":1,"deleteOnly":false,"endpoints":["https://s3.seagate.com"],"getObjTag":false,"headObj":false,"httpClientTimeout":0,"idleConnTimeout":0,"jsonOutput":true,"maxIdleConnsPerHost":0,"multipartSize":0,"numClients":64,"numSamples":64,"numTags":10,"objectNamePrefix":"loadgen_test","objectSize (MB)":256,"protocolDebug":0,"putObjTag":false,"readObj":true,"reportFormat":"Version;Parameters;Parameters:numClients;Parameters:numSamples;Parameters:objectSize (MB);Parameters:sampleReads;Parameters:readObj;Parameters:headObj;Parameters:putObjTag;Parameters:getObjTag;Tests:Operation;Tests:RPS;Tests:Total Requests Count;Tests:Errors Count;Tests:Total Throughput (MB/s);Tests:Total Duration (s);Tests:Total Transferred (MB);Tests:Duration Max;Tests:Duration Avg;Tests:Duration Min;Tests:Ttfb Max;Tests:Ttfb Avg;Tests:Ttfb Min;-Tests:Duration 25th-ile;-Tests:Duration 50th-ile;-Tests:Duration 75th-ile;-Tests:Ttfb 25th-ile;-Tests:Ttfb 50th-ile;-Tests:Ttfb 75th-ile;","responseHeaderTimeout":0,"s3Disable100Continue":false,"s3MaxRetries":-1,"sampleReads":1,"skipRead":false,"skipWrite":false,"tagNamePrefix":"tag_name_","tagValPrefix":"tag_val_","validate":false,"verbose":true,"zero":false},"Tests":[{"Duration 25th-ile":15.048579414,"Duration 50th-ile":15.513384357,"Duration 75th-ile":15.844895459,"Duration 90th-ile":16.392097506,"Duration 99th-ile":18.379326793,"Duration Avg":15.257481601746033,"Duration Max":18.379326793,"Duration Min":9.742655584,"Errors":["Write(1) completed in 1.50s with error ServiceUnavailable: Reduce your request rate\n\tstatus code: 503, request id: , host id: "],"Errors Count":1,"Operation":"Write","RPS":3.2629953785042303,"Total Duration (s)":19.000946311,"Total Requests Count":63,"Total Throughput (MB/s)":848.7998300728423,"Total Transferred (MB)":16128,"Ttfb 25th-ile":15.048579049,"Ttfb 50th-ile":15.513383975,"Ttfb 75th-ile":15.844895359,"Ttfb 90th-ile":16.392097356,"Ttfb 99th-ile":18.379326648,"Ttfb Avg":15.257481383174596,"Ttfb Max":18.379326648,"Ttfb Min":9.742655162},{"Duration 25th-ile":15.991681235,"Duration 50th-ile":16.402249853,"Duration 75th-ile":16.458544433,"Duration 90th-ile":16.490642561,"Duration 99th-ile":16.496246207,"Duration Avg":14.852492767936507,"Duration Max":16.496246207,"Duration Min":1.445976666,"Errors":["Read(1) completed in 0.10s with error NoSuchKey: The specified key does not exist.\n\tstatus code: 404, request id: 830ee723-8fcc-4931-b2a8-076eaf55a54b, host id: "],"Errors Count":1,"Operation":"Read","RPS":3.758316618814228,"Total Duration (s)":16.496747424,"Total Requests Count":63,"Total Throughput (MB/s)":977.6472649715463,"Total Transferred (MB)":16128,"Ttfb 25th-ile":0.409254519,"Ttfb 50th-ile":0.535750548,"Ttfb 75th-ile":0.575755893,"Ttfb 90th-ile":0.609921238,"Ttfb 99th-ile":0.698345159,"Ttfb Avg":0.4926191804603173,"Ttfb Max":0.698345159,"Ttfb Min":0.214846354}],"Version":"2021-02-04-04:50:32-04b03ce50b88c07fe8bf0e60b74af03dfbc12c38"}
