CSV crop:

state	numClients	objectSize (MB)	Operation	RPS	Total Requests Count	Errors Count	Total Throughput (MB/s)	Total Duration (s)	Duration Max	Duration Avg	Duration Min	Ttfb Max	Ttfb Avg	Ttfb Min	Duration 99th-ile	Ttfb 99th-ile
initial	1	0	Read	72.78775687	10240	0	0.007	140.683	0.171	0.014	0.01	0.171	0.014	0.01	0.027	0.027
restart	1	0	Read	79.76673318	10240	0	0.007607148	128.3743184	0.378912653	0.012535422	0.009017118	0.378896258	0.0125252	0.009008745	0.046831497	0.04681589
initial	16	0	Read	449.5908021	38400	0	0.043	85.411	1.25	0.036	0.009	1.25	0.036	0.009	0.162	0.162
restart	16	0	Read	658.9174231	38400	0	0.062839262	58.27740875	1.404882102	0.024270012	0.008374242	1.404853366	0.024257708	0.008363941	0.344021928	0.344004335
initial	32	0	Read	784.6382542	51200	0	0.075	65.253	0.582	0.041	0.008	0.582	0.041	0.008	0.14	0.14
restart	32	0	Read	645.4940349	51200	0	0.061559108	79.31909086	1.526399105	0.048899315	0.008497549	1.526384336	0.048886307	0.008491443	0.580535002	0.580525338
initial	64	0	Read	1207.775052	128000	0	0.115	105.98	1.395	0.053	0.009	1.395	0.053	0.009	0.124	0.124
restart	64	0	Read	941.4444989	128000	0	0.089783144	135.9612809	1.844720994	0.067593212	0.008562613	1.844692834	0.067581229	0.008554738	0.435897034	0.435886279
initial	128	0	Read	1445.402191	153600	0	0.138	106.268	1.431	0.089	0.009	1.431	0.089	0.009	0.179	0.179
restart	128	0	Read	919.5340419	153600	0	0.0876936	167.0411241	1.58351221	0.138823223	0.008984918	1.58349914	0.138810953	0.008972382	0.563763049	0.563717782
initial	256	0	Read	1509.270814	153600	0	0.144	101.771	1.579	0.169	0.026	1.579	0.169	0.026	0.403	0.403
restart	256	0	Read	1061.981238	153600	0	0.101278423	144.6353236	1.565653369	0.240927949	0.008849515	1.565644802	0.240916329	0.008842429	0.752202161	0.752195232
initial	384	0	Read	1065.336822	155520	0	0.102	145.982	1.777	0.36	0.01	1.777	0.36	0.01	0.587	0.587
restart	384	0	Read	946.5991488	155520	0	0.09027473	164.2934078	2.381549081	0.405402562	0.016679406	2.381536025	0.405390023	0.016656581	1.118130776	1.118120058
initial	512	0	Read	688.2676357	153600	0	0.066	223.169	2.725	0.743	0.017	2.725	0.743	0.017	1.163	1.163
restart	512	0	Read	857.6364336	153600	0	0.081790584	179.096869	2.464458552	0.596504143	0.017998952	2.464441132	0.596490985	0.017968284	1.141064461	1.141056808
initial	1	0.25	Read	26.15106839	10240	0	6.538	391.571	0.44	0.038	0.012	0.401	0.015	0.011	0.07	0.039
restart	1	0.25	Read	33.16777358	10240	0	8.291943395	308.7334148	0.72323379	0.030148123	0.010765049	0.688832292	0.01518773	0.01027018	0.076070408	0.056223658
initial	16	0.25	Read	324.012353	38400	0	81.003	118.514	0.637	0.049	0.01	0.597	0.026	0.009	0.151	0.123
restart	16	0.25	Read	363.954288	38400	0	90.988572	105.5077554	1.657333564	0.043944636	0.009528322	1.617815977	0.023671272	0.009132856	0.3811252	0.353032994
initial	32	0.25	Read	530.041026	138240	0	132.51	260.81	0.901	0.06	0.01	0.873	0.035	0.009	0.147	0.113
initial	32	0.25	Read	520.7115035	51200	0	130.178	98.327	1.196	0.061	0.01	1.157	0.036	0.01	0.169	0.138
restart	32	0.25	Read	710.6854326	138240	0	177.6713582	194.5164396	1.355031662	0.045016045	0.009522485	1.315062441	0.023651402	0.009282503	0.321801713	0.302864118
restart	32	0.25	Read	600.0893637	51200	0	150.0223409	85.32062573	2.065145758	0.053302749	0.009530432	2.025064348	0.031520584	0.009220687	0.468323563	0.4454614
initial	64	0.25	Read	891.5086126	138240	0	222.877	155.063	1.328	0.072	0.01	1.288	0.045	0.01	0.155	0.122
initial	64	0.25	Read	875.4112039	128000	0	218.853	146.217	1.621	0.073	0.01	1.583	0.047	0.01	0.161	0.13
restart	64	0.25	Read	905.0076767	138240	0	226.2519192	152.7500855	1.185370706	0.07069428	0.01042488	1.184890841	0.048038923	0.00962026	0.377984796	0.352957031
restart	64	0.25	Read	1089.887242	128000	0	272.4718105	117.4433419	1.663832057	0.058646462	0.009420642	1.62412685	0.035750677	0.009090772	0.470965087	0.450645247
initial	80	0.25	Read	1067.524812	138000	0	266.88	129.271	1.184	0.075	0.01	1.145	0.048	0.01	0.16	0.126
restart	80	0.25	Read	1034.498702	138000	0	258.6246754	133.3979441	2.273019945	0.077305184	0.009778955	2.272811533	0.05434959	0.009032335	0.518458335	0.490719897
initial	100	0.25	Read	1047.915559	138000	0	261.979	131.69	0.972	0.095	0.01	0.933	0.069	0.01	0.201	0.169
restart	100	0.25	Read	823.3242845	138000	0	205.8310711	167.6131782	2.312285853	0.12098721	0.010156106	2.3119567	0.09847583	0.009833296	0.77889227	0.754598698
initial	128	0.25	Read	1307.02393	138240	0	326.755	105.767	1.471	0.098	0.011	1.43	0.071	0.01	0.206	0.172
initial	128	0.25	Read	1229.764135	153600	0	307.442	124.902	2.647	0.104	0.011	2.607	0.078	0.011	0.206	0.173
restart	128	0.25	Read	878.7638529	138240	0	219.6909632	157.3118871	2.803998101	0.145064889	0.009887275	2.763181842	0.122478356	0.009462562	0.799047837	0.774430991
restart	128	0.25	Read	913.9516558	153600	0	228.487914	168.0614057	1.496919507	0.139983018	0.009805801	1.457595347	0.117259923	0.009483818	0.594633457	0.571530794
initial	256	0.25	Read	928.5891812	138240	0	232.147	148.871	1.759	0.275	0.021	1.719	0.249	0.021	0.507	0.477
initial	256	0.25	Read	1529.027634	153600	0	382.258	100.456	1.393	0.167	0.021	1.353	0.14	0.015	0.288	0.256
restart	256	0.25	Read	1010.731878	138240	0	252.6829695	136.7721777	2.635464407	0.252804621	0.009733661	2.595931002	0.230064532	0.009475533	0.736060817	0.704276566
restart	256	0.25	Read	1014.644213	153600	0	253.6610534	151.3831134	2.201380712	0.252153217	0.01182435	2.160253391	0.229446789	0.011575222	0.877393496	0.854228655
initial	384	0.25	Read	1122.980317	138240	0	280.746	123.101	1.629	0.342	0.03	1.589	0.315	0.03	0.577	0.547
initial	384	0.25	Read	947.4030484	155520	0	236.85	164.154	1.612	0.405	0.021	1.572	0.378	0.02	0.731	0.701
restart	384	0.25	Read	905.2737018	138240	0	226.3184255	152.7051981	1.868926584	0.423682742	0.035952852	1.829366127	0.401208207	0.034315023	0.924206809	0.892091361
restart	384	0.25	Read	748.7378157	155520	0	187.1844539	207.709557	2.262451832	0.512473198	0.020345131	2.261835299	0.490032922	0.020099417	1.181356067	1.157541346
initial	512	0.25	Read	786.768807	138240	0	196.692	175.706	2.351	0.65	0.032	2.35	0.624	0.032	1.016	0.986
initial	512	0.25	Read	922.4394199	153600	0	230.609	166.515	1.957	0.554	0.023	1.956	0.528	0.023	0.828	0.801
restart	512	0.25	Read	789.362814	138240	0	197.3407035	175.1285943	2.589094401	0.647107571	0.026630722	2.549331076	0.624612909	0.02522085	1.245646497	1.222631746
restart	512	0.25	Read	915.1439224	153600	0	228.7859806	167.8424521	3.018626138	0.558875445	0.016970145	2.978548299	0.536080144	0.015844272	1.396043264	1.373062573
initial	1	128	Read	4.092621132	640	0	523.855	156.379	0.958	0.244	0.205	0.761	0.073	0.064	0.305	0.109
restart	1	128	Read	3.855940164	640	0	493.560341	165.9776793	0.793246832	0.259337708	0.219521923	0.642361328	0.085608245	0.070633929	0.497077771	0.222875098
initial	16	128	Read	31.22908766	2240	0	3997.347	71.728	1.17	0.511	0.25	0.628	0.146	0.075	0.832	0.358
restart	16	128	Read	11.95041637	2240	0	1529.653296	187.4411677	2.669132785	1.337453839	0.223526369	1.109577947	0.136190136	0.062364892	2.180802438	0.456909057
initial	32	128	Read	42.26654339	4480	0	5410.107	105.994	1.634	0.756	0.264	0.977	0.202	0.078	1.27	0.552
restart	32	128	Read	10.22523687	4480	0	1308.830319	438.1316596	5.92416346	3.124310322	0.224856843	1.872882986	0.154879007	0.060885158	4.655686813	0.634280991
initial	64	128	Read	51.38756461	5120	0	6577.586	99.635	2.969	1.236	0.28	1.678	0.271	0.087	1.964	0.754
restart	64	128	Read	22.6259185	5120	0	2896.117568	226.2891559	5.936916036	2.817142681	0.245023468	1.974342141	0.153915547	0.067583162	5.134504795	0.507908393
initial	128	128	Read	45.15050905	10240	0	5779.256	226.797	8.017	2.826	0.324	2.495	0.382	0.108	4.948	1.77
restart	128	128	Read	26.54040787	10240	0	3397.172208	385.8267758	12.27610857	4.790884994	0.257444919	1.1453967	0.180147417	0.072199572	11.05174491	0.719910013
initial	256	128	Read	38.01490897	10240	0	4865.917	269.368	16.005	6.681	0.444	5.263	1.617	0.076	12.032	3.958
restart	256	128	Read	38.42602109	10240	0	4918.5307	266.486087	13.35080302	6.597036943	0.327208778	3.215031839	0.528220756	0.087619201	12.26103464	1.874179518
initial	384	128	Read	39.3129784	11520	0	5032.056	293.033	30.429	9.635	0.366	9.36	2.444	0.1	21.913	7.417
restart	384	128	Read	38.87354041	11520	0	4975.813172	296.3455317	18.52273554	9.767807544	0.344823886	6.942166273	1.063035457	0.083087388	16.54057315	4.442694188
initial	512	128	Read	47.41574907	10240	0	6069.223	215.962	22.988	10.664	0.334	8.356	2.83	0.077	18.664	6.343
restart	512	128	Read	39.03411209	10235	5	4996.366347	262.2065535	26.06478307	12.96865347	0.783549534	10.16963967	3.416605	0.12377009	21.71580405	7.854379835
restart-2	512	128	Read	64.88043369	10240	0	8304.695512	157.8287847	19.65243357	7.51692665	0.730665435	12.0141882	2.119502525	0.129601978	18.36013501	9.040799893
restart-2	512	128	Read	77.60908461	10240	0	9933.962831	131.9433163	16.52790361	6.384463481	1.022678529	9.336692859	1.192175754	0.179180818	15.36803374	5.287265412
restart-2	512	128	Read	59.86855906	10240	0	7663.175559	171.041364	27.61938958	8.287021925	0.413799153	5.661187347	0.682875419	0.09219107	23.84416478	4.465720132

Import into SQLite and transform-export:

TsvLoad tmp
Sql create table tmp_init as select * from tmp where state = 'initial'
Sql create table tmp_restart as select * from tmp where state = 'restart'
SelectTsv * from (select distinct numClients, [objectSize (MB)] from tmp) join (select numClients, [objectSize (MB)], [Ttfb Avg] as ttfb_avg_init, [Ttfb 99th-ile] as ttfb_99_init from tmp_init) using (numClients, [objectSize (MB)]) join (select numClients, [objectSize (MB)], [Ttfb Avg] as ttfb_avg_restart, [Ttfb 99th-ile] as ttfb_99_restart from tmp_restart) using (numClients, [objectSize (MB)])


numClients	objectSize (MB)	ttfb_avg_init	ttfb_99_init	ttfb_avg_restart	ttfb_99_restart
1	0	0.014	0.027	0.0125252	0.04681589
16	0	0.036	0.162	0.024257708	0.344004335
32	0	0.041	0.14	0.048886307	0.580525338
64	0	0.053	0.124	0.067581229	0.435886279
128	0	0.089	0.179	0.138810953	0.563717782
256	0	0.169	0.403	0.240916329	0.752195232
384	0	0.36	0.587	0.405390023	1.118120058
512	0	0.743	1.163	0.596490985	1.141056808
1	0.25	0.015	0.039	0.01518773	0.056223658
16	0.25	0.026	0.123	0.023671272	0.353032994
32	0.25	0.035	0.113	0.023651402	0.302864118
32	0.25	0.035	0.113	0.031520584	0.4454614
32	0.25	0.036	0.138	0.023651402	0.302864118
32	0.25	0.036	0.138	0.031520584	0.4454614
64	0.25	0.045	0.122	0.035750677	0.450645247
64	0.25	0.045	0.122	0.048038923	0.352957031
64	0.25	0.047	0.13	0.035750677	0.450645247
64	0.25	0.047	0.13	0.048038923	0.352957031
80	0.25	0.048	0.126	0.05434959	0.490719897
100	0.25	0.069	0.169	0.09847583	0.754598698
128	0.25	0.071	0.172	0.117259923	0.571530794
128	0.25	0.071	0.172	0.122478356	0.774430991
128	0.25	0.078	0.173	0.117259923	0.571530794
128	0.25	0.078	0.173	0.122478356	0.774430991
256	0.25	0.249	0.477	0.229446789	0.854228655
256	0.25	0.249	0.477	0.230064532	0.704276566
256	0.25	0.14	0.256	0.229446789	0.854228655
256	0.25	0.14	0.256	0.230064532	0.704276566
384	0.25	0.315	0.547	0.401208207	0.892091361
384	0.25	0.315	0.547	0.490032922	1.157541346
384	0.25	0.378	0.701	0.401208207	0.892091361
384	0.25	0.378	0.701	0.490032922	1.157541346
512	0.25	0.624	0.986	0.536080144	1.373062573
512	0.25	0.624	0.986	0.624612909	1.222631746
512	0.25	0.528	0.801	0.536080144	1.373062573
512	0.25	0.528	0.801	0.624612909	1.222631746
1	128	0.073	0.109	0.085608245	0.222875098
16	128	0.146	0.358	0.136190136	0.456909057
32	128	0.202	0.552	0.154879007	0.634280991
64	128	0.271	0.754	0.153915547	0.507908393
128	128	0.382	1.77	0.180147417	0.719910013
256	128	1.617	3.958	0.528220756	1.874179518
384	128	2.444	7.417	1.063035457	4.442694188
512	128	2.83	6.343	3.416605	7.854379835


Import into excel and manual modify to make ready for README.md
