0
smc73-m02: Generating in-memory sample data...
smc73-m02: Done (1.085709396s)
smc73-m02: Running Write test...
smc73-m02: operation Write(1) completed in 4.87s|%!s(<nil>)
smc73-m02: operation Write(2) completed in 4.66s|%!s(<nil>)
smc73-m02: operation Write(3) completed in 4.32s|%!s(<nil>)
smc73-m02: operation Write(4) completed in 4.61s|%!s(<nil>)
smc73-m02: operation Write(5) completed in 4.08s|%!s(<nil>)
smc73-m02: operation Write(6) completed in 4.15s|%!s(<nil>)
smc73-m02: operation Write(7) completed in 4.27s|%!s(<nil>)
smc73-m02: operation Write(8) completed in 4.34s|%!s(<nil>)
smc73-m02: operation Write(9) completed in 4.88s|%!s(<nil>)
smc73-m02: operation Write(10) completed in 4.38s|%!s(<nil>)
smc73-m02: operation Write(11) completed in 3.97s|%!s(<nil>)
smc73-m02: operation Write(12) completed in 4.01s|%!s(<nil>)
smc73-m02: operation Write(13) completed in 4.31s|%!s(<nil>)
smc73-m02: operation Write(14) completed in 4.23s|%!s(<nil>)
smc73-m02: operation Write(15) completed in 4.73s|%!s(<nil>)
smc73-m02: operation Write(16) completed in 4.03s|%!s(<nil>)
smc73-m02: Running Read test...
smc73-m02: operation Read(1) completed in 0.42s|%!s(<nil>)
smc73-m02: operation Read(2) completed in 0.24s|%!s(<nil>)
smc73-m02: operation Read(3) completed in 0.28s|%!s(<nil>)
smc73-m02: operation Read(4) completed in 0.24s|%!s(<nil>)
smc73-m02: operation Read(5) completed in 0.25s|%!s(<nil>)
smc73-m02: operation Read(6) completed in 0.30s|%!s(<nil>)
smc73-m02: operation Read(7) completed in 0.23s|%!s(<nil>)
smc73-m02: operation Read(8) completed in 0.23s|%!s(<nil>)
smc73-m02: operation Read(9) completed in 0.23s|%!s(<nil>)
smc73-m02: operation Read(10) completed in 0.25s|%!s(<nil>)
smc73-m02: operation Read(11) completed in 0.27s|%!s(<nil>)
smc73-m02: operation Read(12) completed in 0.28s|%!s(<nil>)
smc73-m02: operation Read(13) completed in 0.23s|%!s(<nil>)
smc73-m02: operation Read(14) completed in 0.28s|%!s(<nil>)
smc73-m02: operation Read(15) completed in 0.30s|%!s(<nil>)
smc73-m02: operation Read(16) completed in 0.24s|%!s(<nil>)
smc73-m02: operation Read(17) completed in 0.24s|%!s(<nil>)
smc73-m02: operation Read(18) completed in 0.23s|%!s(<nil>)
smc73-m02: operation Read(19) completed in 0.23s|%!s(<nil>)
smc73-m02: operation Read(20) completed in 0.32s|%!s(<nil>)
smc73-m02: operation Read(21) completed in 0.22s|%!s(<nil>)
smc73-m02: operation Read(22) completed in 0.29s|%!s(<nil>)
smc73-m02: operation Read(23) completed in 0.25s|%!s(<nil>)
smc73-m02: operation Read(24) completed in 0.27s|%!s(<nil>)
smc73-m02: operation Read(25) completed in 0.28s|%!s(<nil>)
smc73-m02: operation Read(26) completed in 0.23s|%!s(<nil>)
smc73-m02: operation Read(27) completed in 0.23s|%!s(<nil>)
smc73-m02: operation Read(28) completed in 0.23s|%!s(<nil>)
smc73-m02: operation Read(29) completed in 0.25s|%!s(<nil>)
smc73-m02: operation Read(30) completed in 0.23s|%!s(<nil>)
smc73-m02: operation Read(31) completed in 0.23s|%!s(<nil>)
smc73-m02: operation Read(32) completed in 0.32s|%!s(<nil>)
smc73-m02: operation Read(33) completed in 0.26s|%!s(<nil>)
smc73-m02: operation Read(34) completed in 0.32s|%!s(<nil>)
smc73-m02: operation Read(35) completed in 0.26s|%!s(<nil>)
smc73-m02: operation Read(36) completed in 0.24s|%!s(<nil>)
smc73-m02: operation Read(37) completed in 0.30s|%!s(<nil>)
smc73-m02: operation Read(38) completed in 0.23s|%!s(<nil>)
smc73-m02: operation Read(39) completed in 0.31s|%!s(<nil>)
smc73-m02: operation Read(40) completed in 0.24s|%!s(<nil>)
smc73-m02: operation Read(41) completed in 0.24s|%!s(<nil>)
smc73-m02: operation Read(42) completed in 0.23s|%!s(<nil>)
smc73-m02: operation Read(43) completed in 0.29s|%!s(<nil>)
smc73-m02: operation Read(44) completed in 0.31s|%!s(<nil>)
smc73-m02: operation Read(45) completed in 0.24s|%!s(<nil>)
smc73-m02: operation Read(46) completed in 0.27s|%!s(<nil>)
smc73-m02: operation Read(47) completed in 0.28s|%!s(<nil>)
smc73-m02: operation Read(48) completed in 0.22s|%!s(<nil>)
smc73-m02: operation Read(49) completed in 0.23s|%!s(<nil>)
smc73-m02: operation Read(50) completed in 0.25s|%!s(<nil>)
smc73-m02: operation Read(51) completed in 0.28s|%!s(<nil>)
smc73-m02: operation Read(52) completed in 0.26s|%!s(<nil>)
smc73-m02: operation Read(53) completed in 0.23s|%!s(<nil>)
smc73-m02: operation Read(54) completed in 0.23s|%!s(<nil>)
smc73-m02: operation Read(55) completed in 0.24s|%!s(<nil>)
smc73-m02: operation Read(56) completed in 0.25s|%!s(<nil>)
smc73-m02: operation Read(57) completed in 0.23s|%!s(<nil>)
smc73-m02: operation Read(58) completed in 0.23s|%!s(<nil>)
smc73-m02: operation Read(59) completed in 0.24s|%!s(<nil>)
smc73-m02: operation Read(60) completed in 0.26s|%!s(<nil>)
smc73-m02: operation Read(61) completed in 0.28s|%!s(<nil>)
smc73-m02: operation Read(62) completed in 0.30s|%!s(<nil>)
smc73-m02: operation Read(63) completed in 0.23s|%!s(<nil>)
smc73-m02: operation Read(64) completed in 0.26s|%!s(<nil>)
smc73-m02: operation Read(65) completed in 0.36s|%!s(<nil>)
smc73-m02: operation Read(66) completed in 0.26s|%!s(<nil>)
smc73-m02: operation Read(67) completed in 0.24s|%!s(<nil>)
smc73-m02: operation Read(68) completed in 0.24s|%!s(<nil>)
smc73-m02: operation Read(69) completed in 0.23s|%!s(<nil>)
smc73-m02: operation Read(70) completed in 0.26s|%!s(<nil>)
smc73-m02: operation Read(71) completed in 0.25s|%!s(<nil>)
smc73-m02: operation Read(72) completed in 0.23s|%!s(<nil>)
smc73-m02: operation Read(73) completed in 0.25s|%!s(<nil>)
smc73-m02: operation Read(74) completed in 0.29s|%!s(<nil>)
smc73-m02: operation Read(75) completed in 0.30s|%!s(<nil>)
smc73-m02: operation Read(76) completed in 0.23s|%!s(<nil>)
smc73-m02: operation Read(77) completed in 0.27s|%!s(<nil>)
smc73-m02: operation Read(78) completed in 0.26s|%!s(<nil>)
smc73-m02: operation Read(79) completed in 0.30s|%!s(<nil>)
smc73-m02: operation Read(80) completed in 0.52s|%!s(<nil>)
smc73-m02: operation Read(81) completed in 0.50s|%!s(<nil>)
smc73-m02: operation Read(82) completed in 0.26s|%!s(<nil>)
smc73-m02: operation Read(83) completed in 0.26s|%!s(<nil>)
smc73-m02: operation Read(84) completed in 0.24s|%!s(<nil>)
smc73-m02: operation Read(85) completed in 0.23s|%!s(<nil>)
smc73-m02: operation Read(86) completed in 0.30s|%!s(<nil>)
smc73-m02: operation Read(87) completed in 0.24s|%!s(<nil>)
smc73-m02: operation Read(88) completed in 0.33s|%!s(<nil>)
smc73-m02: operation Read(89) completed in 0.25s|%!s(<nil>)
smc73-m02: operation Read(90) completed in 0.26s|%!s(<nil>)
smc73-m02: operation Read(91) completed in 0.23s|%!s(<nil>)
smc73-m02: operation Read(92) completed in 0.23s|%!s(<nil>)
smc73-m02: operation Read(93) completed in 0.26s|%!s(<nil>)
smc73-m02: operation Read(94) completed in 0.29s|%!s(<nil>)
smc73-m02: operation Read(95) completed in 0.24s|%!s(<nil>)
smc73-m02: operation Read(96) completed in 0.25s|%!s(<nil>)
smc73-m02: operation Read(97) completed in 0.28s|%!s(<nil>)
smc73-m02: operation Read(98) completed in 0.27s|%!s(<nil>)
smc73-m02: operation Read(99) completed in 0.29s|%!s(<nil>)
smc73-m02: operation Read(100) completed in 0.25s|%!s(<nil>)
smc73-m02: operation Read(101) completed in 0.23s|%!s(<nil>)
smc73-m02: operation Read(102) completed in 0.24s|%!s(<nil>)
smc73-m02: operation Read(103) completed in 0.23s|%!s(<nil>)
smc73-m02: operation Read(104) completed in 0.25s|%!s(<nil>)
smc73-m02: operation Read(105) completed in 0.29s|%!s(<nil>)
smc73-m02: operation Read(106) completed in 0.25s|%!s(<nil>)
smc73-m02: operation Read(107) completed in 0.24s|%!s(<nil>)
smc73-m02: operation Read(108) completed in 0.24s|%!s(<nil>)
smc73-m02: operation Read(109) completed in 0.32s|%!s(<nil>)
smc73-m02: operation Read(110) completed in 0.24s|%!s(<nil>)
smc73-m02: operation Read(111) completed in 0.28s|%!s(<nil>)
smc73-m02: operation Read(112) completed in 0.23s|%!s(<nil>)
smc73-m02: operation Read(113) completed in 0.23s|%!s(<nil>)
smc73-m02: operation Read(114) completed in 0.24s|%!s(<nil>)
smc73-m02: operation Read(115) completed in 0.23s|%!s(<nil>)
smc73-m02: operation Read(116) completed in 0.25s|%!s(<nil>)
smc73-m02: operation Read(117) completed in 0.22s|%!s(<nil>)
smc73-m02: operation Read(118) completed in 0.23s|%!s(<nil>)
smc73-m02: operation Read(119) completed in 0.26s|%!s(<nil>)
smc73-m02: operation Read(120) completed in 0.23s|%!s(<nil>)
smc73-m02: operation Read(121) completed in 0.23s|%!s(<nil>)
smc73-m02: operation Read(122) completed in 0.29s|%!s(<nil>)
smc73-m02: operation Read(123) completed in 0.24s|%!s(<nil>)
smc73-m02: operation Read(124) completed in 0.23s|%!s(<nil>)
smc73-m02: operation Read(125) completed in 0.24s|%!s(<nil>)
smc73-m02: operation Read(126) completed in 0.24s|%!s(<nil>)
smc73-m02: operation Read(127) completed in 0.29s|%!s(<nil>)
smc73-m02: operation Read(128) completed in 0.28s|%!s(<nil>)
smc73-m02: operation Read(129) completed in 0.33s|%!s(<nil>)
smc73-m02: operation Read(130) completed in 0.23s|%!s(<nil>)
smc73-m02: operation Read(131) completed in 0.30s|%!s(<nil>)
smc73-m02: operation Read(132) completed in 0.24s|%!s(<nil>)
smc73-m02: operation Read(133) completed in 0.25s|%!s(<nil>)
smc73-m02: operation Read(134) completed in 0.24s|%!s(<nil>)
smc73-m02: operation Read(135) completed in 0.31s|%!s(<nil>)
smc73-m02: operation Read(136) completed in 0.49s|%!s(<nil>)
smc73-m02: operation Read(137) completed in 0.28s|%!s(<nil>)
smc73-m02: operation Read(138) completed in 0.28s|%!s(<nil>)
smc73-m02: operation Read(139) completed in 0.23s|%!s(<nil>)
smc73-m02: operation Read(140) completed in 0.23s|%!s(<nil>)
smc73-m02: operation Read(141) completed in 0.25s|%!s(<nil>)
smc73-m02: operation Read(142) completed in 0.27s|%!s(<nil>)
smc73-m02: operation Read(143) completed in 0.25s|%!s(<nil>)
smc73-m02: operation Read(144) completed in 0.24s|%!s(<nil>)
smc73-m02: operation Read(145) completed in 0.30s|%!s(<nil>)
smc73-m02: operation Read(146) completed in 0.23s|%!s(<nil>)
smc73-m02: operation Read(147) completed in 0.33s|%!s(<nil>)
smc73-m02: operation Read(148) completed in 0.32s|%!s(<nil>)
smc73-m02: operation Read(149) completed in 0.23s|%!s(<nil>)
smc73-m02: operation Read(150) completed in 0.24s|%!s(<nil>)
smc73-m02: operation Read(151) completed in 0.25s|%!s(<nil>)
smc73-m02: operation Read(152) completed in 0.28s|%!s(<nil>)
smc73-m02: operation Read(153) completed in 0.23s|%!s(<nil>)
smc73-m02: operation Read(154) completed in 0.23s|%!s(<nil>)
smc73-m02: operation Read(155) completed in 0.24s|%!s(<nil>)
smc73-m02: operation Read(156) completed in 0.23s|%!s(<nil>)
smc73-m02: operation Read(157) completed in 0.28s|%!s(<nil>)
smc73-m02: operation Read(158) completed in 0.25s|%!s(<nil>)
smc73-m02: operation Read(159) completed in 0.25s|%!s(<nil>)
smc73-m02: operation Read(160) completed in 0.64s|%!s(<nil>)
smc73-m02: operation Read(161) completed in 0.24s|%!s(<nil>)
smc73-m02: operation Read(162) completed in 0.25s|%!s(<nil>)
smc73-m02: operation Read(163) completed in 0.23s|%!s(<nil>)
smc73-m02: operation Read(164) completed in 0.28s|%!s(<nil>)
smc73-m02: operation Read(165) completed in 0.24s|%!s(<nil>)
smc73-m02: operation Read(166) completed in 0.26s|%!s(<nil>)
smc73-m02: operation Read(167) completed in 0.31s|%!s(<nil>)
smc73-m02: operation Read(168) completed in 0.30s|%!s(<nil>)
smc73-m02: operation Read(169) completed in 0.23s|%!s(<nil>)
smc73-m02: operation Read(170) completed in 0.24s|%!s(<nil>)
smc73-m02: operation Read(171) completed in 0.26s|%!s(<nil>)
smc73-m02: operation Read(172) completed in 0.22s|%!s(<nil>)
smc73-m02: operation Read(173) completed in 0.23s|%!s(<nil>)
smc73-m02: operation Read(174) completed in 0.24s|%!s(<nil>)
smc73-m02: operation Read(175) completed in 0.25s|%!s(<nil>)
smc73-m02: operation Read(176) completed in 0.25s|%!s(<nil>)
smc73-m02: operation Read(177) completed in 0.23s|%!s(<nil>)
smc73-m02: operation Read(178) completed in 0.34s|%!s(<nil>)
smc73-m02: operation Read(179) completed in 0.28s|%!s(<nil>)
smc73-m02: operation Read(180) completed in 0.23s|%!s(<nil>)
smc73-m02: operation Read(181) completed in 0.30s|%!s(<nil>)
smc73-m02: operation Read(182) completed in 0.25s|%!s(<nil>)
smc73-m02: operation Read(183) completed in 0.29s|%!s(<nil>)
smc73-m02: operation Read(184) completed in 0.25s|%!s(<nil>)
smc73-m02: operation Read(185) completed in 0.25s|%!s(<nil>)
smc73-m02: operation Read(186) completed in 0.23s|%!s(<nil>)
smc73-m02: operation Read(187) completed in 0.24s|%!s(<nil>)
smc73-m02: operation Read(188) completed in 0.26s|%!s(<nil>)
smc73-m02: operation Read(189) completed in 0.25s|%!s(<nil>)
smc73-m02: operation Read(190) completed in 0.23s|%!s(<nil>)
smc73-m02: operation Read(191) completed in 0.25s|%!s(<nil>)
smc73-m02: operation Read(192) completed in 0.25s|%!s(<nil>)
smc73-m02: operation Read(193) completed in 0.24s|%!s(<nil>)
smc73-m02: operation Read(194) completed in 0.36s|%!s(<nil>)
smc73-m02: operation Read(195) completed in 0.24s|%!s(<nil>)
smc73-m02: operation Read(196) completed in 0.23s|%!s(<nil>)
smc73-m02: operation Read(197) completed in 0.23s|%!s(<nil>)
smc73-m02: operation Read(198) completed in 0.26s|%!s(<nil>)
smc73-m02: operation Read(199) completed in 0.26s|%!s(<nil>)
smc73-m02: operation Read(200) completed in 0.23s|%!s(<nil>)
smc73-m02: operation Read(201) completed in 0.24s|%!s(<nil>)
smc73-m02: operation Read(202) completed in 0.25s|%!s(<nil>)
smc73-m02: operation Read(203) completed in 0.30s|%!s(<nil>)
smc73-m02: operation Read(204) completed in 0.30s|%!s(<nil>)
smc73-m02: operation Read(205) completed in 0.32s|%!s(<nil>)
smc73-m02: operation Read(206) completed in 0.25s|%!s(<nil>)
smc73-m02: operation Read(207) completed in 0.28s|%!s(<nil>)
smc73-m02: operation Read(208) completed in 0.24s|%!s(<nil>)
smc73-m02: operation Read(209) completed in 0.24s|%!s(<nil>)
smc73-m02: operation Read(210) completed in 0.25s|%!s(<nil>)
smc73-m02: operation Read(211) completed in 0.25s|%!s(<nil>)
smc73-m02: operation Read(212) completed in 0.23s|%!s(<nil>)
smc73-m02: operation Read(213) completed in 0.23s|%!s(<nil>)
smc73-m02: operation Read(214) completed in 0.24s|%!s(<nil>)
smc73-m02: operation Read(215) completed in 0.23s|%!s(<nil>)
smc73-m02: operation Read(216) completed in 0.23s|%!s(<nil>)
smc73-m02: operation Read(217) completed in 0.24s|%!s(<nil>)
smc73-m02: operation Read(218) completed in 0.23s|%!s(<nil>)
smc73-m02: operation Read(219) completed in 0.24s|%!s(<nil>)
smc73-m02: operation Read(220) completed in 0.26s|%!s(<nil>)
smc73-m02: operation Read(221) completed in 0.29s|%!s(<nil>)
smc73-m02: operation Read(222) completed in 0.31s|%!s(<nil>)
smc73-m02: operation Read(223) completed in 0.25s|%!s(<nil>)
smc73-m02: operation Read(224) completed in 0.25s|%!s(<nil>)
smc73-m02: operation Read(225) completed in 0.23s|%!s(<nil>)
smc73-m02: operation Read(226) completed in 0.23s|%!s(<nil>)
smc73-m02: operation Read(227) completed in 0.23s|%!s(<nil>)
smc73-m02: operation Read(228) completed in 0.34s|%!s(<nil>)
smc73-m02: operation Read(229) completed in 0.24s|%!s(<nil>)
smc73-m02: operation Read(230) completed in 0.23s|%!s(<nil>)
smc73-m02: operation Read(231) completed in 0.25s|%!s(<nil>)
smc73-m02: operation Read(232) completed in 0.25s|%!s(<nil>)
smc73-m02: operation Read(233) completed in 0.27s|%!s(<nil>)
smc73-m02: operation Read(234) completed in 0.25s|%!s(<nil>)
smc73-m02: operation Read(235) completed in 0.24s|%!s(<nil>)
smc73-m02: operation Read(236) completed in 0.24s|%!s(<nil>)
smc73-m02: operation Read(237) completed in 0.25s|%!s(<nil>)
smc73-m02: operation Read(238) completed in 0.29s|%!s(<nil>)
smc73-m02: operation Read(239) completed in 0.26s|%!s(<nil>)
smc73-m02: operation Read(240) completed in 0.24s|%!s(<nil>)
smc73-m02: operation Read(241) completed in 0.30s|%!s(<nil>)
smc73-m02: operation Read(242) completed in 0.79s|%!s(<nil>)
smc73-m02: operation Read(243) completed in 0.23s|%!s(<nil>)
smc73-m02: operation Read(244) completed in 0.25s|%!s(<nil>)
smc73-m02: operation Read(245) completed in 0.23s|%!s(<nil>)
smc73-m02: operation Read(246) completed in 0.22s|%!s(<nil>)
smc73-m02: operation Read(247) completed in 0.24s|%!s(<nil>)
smc73-m02: operation Read(248) completed in 0.23s|%!s(<nil>)
smc73-m02: operation Read(249) completed in 0.24s|%!s(<nil>)
smc73-m02: operation Read(250) completed in 0.24s|%!s(<nil>)
smc73-m02: operation Read(251) completed in 0.24s|%!s(<nil>)
smc73-m02: operation Read(252) completed in 0.33s|%!s(<nil>)
smc73-m02: operation Read(253) completed in 0.31s|%!s(<nil>)
smc73-m02: operation Read(254) completed in 0.23s|%!s(<nil>)
smc73-m02: operation Read(255) completed in 0.28s|%!s(<nil>)
smc73-m02: operation Read(256) completed in 0.26s|%!s(<nil>)
smc73-m02: operation Read(257) completed in 0.30s|%!s(<nil>)
smc73-m02: operation Read(258) completed in 0.29s|%!s(<nil>)
smc73-m02: operation Read(259) completed in 0.29s|%!s(<nil>)
smc73-m02: operation Read(260) completed in 0.24s|%!s(<nil>)
smc73-m02: operation Read(261) completed in 0.23s|%!s(<nil>)
smc73-m02: operation Read(262) completed in 0.23s|%!s(<nil>)
smc73-m02: operation Read(263) completed in 0.27s|%!s(<nil>)
smc73-m02: operation Read(264) completed in 0.23s|%!s(<nil>)
smc73-m02: operation Read(265) completed in 0.25s|%!s(<nil>)
smc73-m02: operation Read(266) completed in 0.25s|%!s(<nil>)
smc73-m02: operation Read(267) completed in 0.24s|%!s(<nil>)
smc73-m02: operation Read(268) completed in 0.24s|%!s(<nil>)
smc73-m02: operation Read(269) completed in 0.23s|%!s(<nil>)
smc73-m02: operation Read(270) completed in 0.23s|%!s(<nil>)
smc73-m02: operation Read(271) completed in 0.24s|%!s(<nil>)
smc73-m02: operation Read(272) completed in 0.28s|%!s(<nil>)
smc73-m02: operation Read(273) completed in 0.23s|%!s(<nil>)
smc73-m02: operation Read(274) completed in 0.23s|%!s(<nil>)
smc73-m02: operation Read(275) completed in 0.24s|%!s(<nil>)
smc73-m02: operation Read(276) completed in 0.25s|%!s(<nil>)
smc73-m02: operation Read(277) completed in 0.31s|%!s(<nil>)
smc73-m02: operation Read(278) completed in 0.26s|%!s(<nil>)
smc73-m02: operation Read(279) completed in 0.23s|%!s(<nil>)
smc73-m02: operation Read(280) completed in 0.27s|%!s(<nil>)
smc73-m02: operation Read(281) completed in 0.31s|%!s(<nil>)
smc73-m02: operation Read(282) completed in 0.23s|%!s(<nil>)
smc73-m02: operation Read(283) completed in 0.23s|%!s(<nil>)
smc73-m02: operation Read(284) completed in 0.24s|%!s(<nil>)
smc73-m02: operation Read(285) completed in 0.24s|%!s(<nil>)
smc73-m02: operation Read(286) completed in 0.23s|%!s(<nil>)
smc73-m02: operation Read(287) completed in 0.23s|%!s(<nil>)
smc73-m02: operation Read(288) completed in 0.23s|%!s(<nil>)
smc73-m02: operation Read(289) completed in 0.33s|%!s(<nil>)
smc73-m02: operation Read(290) completed in 0.26s|%!s(<nil>)
smc73-m02: operation Read(291) completed in 0.24s|%!s(<nil>)
smc73-m02: operation Read(292) completed in 0.36s|%!s(<nil>)
smc73-m02: operation Read(293) completed in 0.26s|%!s(<nil>)
smc73-m02: operation Read(294) completed in 0.23s|%!s(<nil>)
smc73-m02: operation Read(295) completed in 0.31s|%!s(<nil>)
smc73-m02: operation Read(296) completed in 0.25s|%!s(<nil>)
smc73-m02: operation Read(297) completed in 0.24s|%!s(<nil>)
smc73-m02: operation Read(298) completed in 0.28s|%!s(<nil>)
smc73-m02: operation Read(299) completed in 0.24s|%!s(<nil>)
smc73-m02: operation Read(300) completed in 0.24s|%!s(<nil>)
smc73-m02: operation Read(301) completed in 0.23s|%!s(<nil>)
smc73-m02: operation Read(302) completed in 0.26s|%!s(<nil>)
smc73-m02: operation Read(303) completed in 0.24s|%!s(<nil>)
smc73-m02: operation Read(304) completed in 0.25s|%!s(<nil>)
smc73-m02: operation Read(305) completed in 0.24s|%!s(<nil>)
smc73-m02: operation Read(306) completed in 0.23s|%!s(<nil>)
smc73-m02: operation Read(307) completed in 0.24s|%!s(<nil>)
smc73-m02: operation Read(308) completed in 0.26s|%!s(<nil>)
smc73-m02: operation Read(309) completed in 0.23s|%!s(<nil>)
smc73-m02: operation Read(310) completed in 0.23s|%!s(<nil>)
smc73-m02: operation Read(311) completed in 0.23s|%!s(<nil>)
smc73-m02: operation Read(312) completed in 0.25s|%!s(<nil>)
smc73-m02: operation Read(313) completed in 0.23s|%!s(<nil>)
smc73-m02: operation Read(314) completed in 0.25s|%!s(<nil>)
smc73-m02: operation Read(315) completed in 0.23s|%!s(<nil>)
smc73-m02: operation Read(316) completed in 0.23s|%!s(<nil>)
smc73-m02: operation Read(317) completed in 0.23s|%!s(<nil>)
smc73-m02: operation Read(318) completed in 0.24s|%!s(<nil>)
smc73-m02: operation Read(319) completed in 0.24s|%!s(<nil>)
smc73-m02: operation Read(320) completed in 0.23s|%!s(<nil>)
smc73-m02: operation Read(321) completed in 0.29s|%!s(<nil>)
smc73-m02: operation Read(322) completed in 0.31s|%!s(<nil>)
smc73-m02: operation Read(323) completed in 0.37s|%!s(<nil>)
smc73-m02: operation Read(324) completed in 0.26s|%!s(<nil>)
smc73-m02: operation Read(325) completed in 0.29s|%!s(<nil>)
smc73-m02: operation Read(326) completed in 0.25s|%!s(<nil>)
smc73-m02: operation Read(327) completed in 0.23s|%!s(<nil>)
smc73-m02: operation Read(328) completed in 0.24s|%!s(<nil>)
smc73-m02: operation Read(329) completed in 0.23s|%!s(<nil>)
smc73-m02: operation Read(330) completed in 0.25s|%!s(<nil>)
smc73-m02: operation Read(331) completed in 0.22s|%!s(<nil>)
smc73-m02: operation Read(332) completed in 0.24s|%!s(<nil>)
smc73-m02: operation Read(333) completed in 0.26s|%!s(<nil>)
smc73-m02: operation Read(334) completed in 0.23s|%!s(<nil>)
smc73-m02: operation Read(335) completed in 0.29s|%!s(<nil>)
smc73-m02: operation Read(336) completed in 0.23s|%!s(<nil>)
smc73-m02: operation Read(337) completed in 0.24s|%!s(<nil>)
smc73-m02: operation Read(338) completed in 0.29s|%!s(<nil>)
smc73-m02: operation Read(339) completed in 0.28s|%!s(<nil>)
smc73-m02: operation Read(340) completed in 0.23s|%!s(<nil>)
smc73-m02: operation Read(341) completed in 0.23s|%!s(<nil>)
smc73-m02: operation Read(342) completed in 0.24s|%!s(<nil>)
smc73-m02: operation Read(343) completed in 0.26s|%!s(<nil>)
smc73-m02: operation Read(344) completed in 0.24s|%!s(<nil>)
smc73-m02: operation Read(345) completed in 0.24s|%!s(<nil>)
smc73-m02: operation Read(346) completed in 0.24s|%!s(<nil>)
smc73-m02: operation Read(347) completed in 0.24s|%!s(<nil>)
smc73-m02: operation Read(348) completed in 0.23s|%!s(<nil>)
smc73-m02: operation Read(349) completed in 0.23s|%!s(<nil>)
smc73-m02: operation Read(350) completed in 0.25s|%!s(<nil>)
smc73-m02: operation Read(351) completed in 0.25s|%!s(<nil>)
smc73-m02: operation Read(352) completed in 0.29s|%!s(<nil>)
smc73-m02: operation Read(353) completed in 0.22s|%!s(<nil>)
smc73-m02: operation Read(354) completed in 0.23s|%!s(<nil>)
smc73-m02: operation Read(355) completed in 0.23s|%!s(<nil>)
smc73-m02: operation Read(356) completed in 0.25s|%!s(<nil>)
smc73-m02: operation Read(357) completed in 0.24s|%!s(<nil>)
smc73-m02: operation Read(358) completed in 0.24s|%!s(<nil>)
smc73-m02: operation Read(359) completed in 0.28s|%!s(<nil>)
smc73-m02: operation Read(360) completed in 0.24s|%!s(<nil>)
smc73-m02: operation Read(361) completed in 0.37s|%!s(<nil>)
smc73-m02: operation Read(362) completed in 0.26s|%!s(<nil>)
smc73-m02: operation Read(363) completed in 0.25s|%!s(<nil>)
smc73-m02: operation Read(364) completed in 0.23s|%!s(<nil>)
smc73-m02: operation Read(365) completed in 0.22s|%!s(<nil>)
smc73-m02: operation Read(366) completed in 0.25s|%!s(<nil>)
smc73-m02: operation Read(367) completed in 0.23s|%!s(<nil>)
smc73-m02: operation Read(368) completed in 0.35s|%!s(<nil>)
smc73-m02: operation Read(369) completed in 0.23s|%!s(<nil>)
smc73-m02: operation Read(370) completed in 0.23s|%!s(<nil>)
smc73-m02: operation Read(371) completed in 0.25s|%!s(<nil>)
smc73-m02: operation Read(372) completed in 0.24s|%!s(<nil>)
smc73-m02: operation Read(373) completed in 0.24s|%!s(<nil>)
smc73-m02: operation Read(374) completed in 0.22s|%!s(<nil>)
smc73-m02: operation Read(375) completed in 0.23s|%!s(<nil>)
smc73-m02: operation Read(376) completed in 0.31s|%!s(<nil>)
smc73-m02: operation Read(377) completed in 0.24s|%!s(<nil>)
smc73-m02: operation Read(378) completed in 0.23s|%!s(<nil>)
smc73-m02: operation Read(379) completed in 0.29s|%!s(<nil>)
smc73-m02: operation Read(380) completed in 0.23s|%!s(<nil>)
smc73-m02: operation Read(381) completed in 0.27s|%!s(<nil>)
smc73-m02: operation Read(382) completed in 0.23s|%!s(<nil>)
smc73-m02: operation Read(383) completed in 0.23s|%!s(<nil>)
smc73-m02: operation Read(384) completed in 0.24s|%!s(<nil>)
smc73-m02: operation Read(385) completed in 0.24s|%!s(<nil>)
smc73-m02: operation Read(386) completed in 0.23s|%!s(<nil>)
smc73-m02: operation Read(387) completed in 0.23s|%!s(<nil>)
smc73-m02: operation Read(388) completed in 0.27s|%!s(<nil>)
smc73-m02: operation Read(389) completed in 0.25s|%!s(<nil>)
smc73-m02: operation Read(390) completed in 0.24s|%!s(<nil>)
smc73-m02: operation Read(391) completed in 0.28s|%!s(<nil>)
smc73-m02: operation Read(392) completed in 0.24s|%!s(<nil>)
smc73-m02: operation Read(393) completed in 0.24s|%!s(<nil>)
smc73-m02: operation Read(394) completed in 0.25s|%!s(<nil>)
smc73-m02: operation Read(395) completed in 0.28s|%!s(<nil>)
smc73-m02: operation Read(396) completed in 0.30s|%!s(<nil>)
smc73-m02: operation Read(397) completed in 0.29s|%!s(<nil>)
smc73-m02: operation Read(398) completed in 0.22s|%!s(<nil>)
smc73-m02: operation Read(399) completed in 0.31s|%!s(<nil>)
smc73-m02: operation Read(400) completed in 0.24s|%!s(<nil>)
smc73-m02: operation Read(401) completed in 0.25s|%!s(<nil>)
smc73-m02: operation Read(402) completed in 0.24s|%!s(<nil>)
smc73-m02: operation Read(403) completed in 0.27s|%!s(<nil>)
smc73-m02: operation Read(404) completed in 0.27s|%!s(<nil>)
smc73-m02: operation Read(405) completed in 0.24s|%!s(<nil>)
smc73-m02: operation Read(406) completed in 0.29s|%!s(<nil>)
smc73-m02: operation Read(407) completed in 0.24s|%!s(<nil>)
smc73-m02: operation Read(408) completed in 0.23s|%!s(<nil>)
smc73-m02: operation Read(409) completed in 0.26s|%!s(<nil>)
smc73-m02: operation Read(410) completed in 0.24s|%!s(<nil>)
smc73-m02: operation Read(411) completed in 0.23s|%!s(<nil>)
smc73-m02: operation Read(412) completed in 0.25s|%!s(<nil>)
smc73-m02: operation Read(413) completed in 0.31s|%!s(<nil>)
smc73-m02: operation Read(414) completed in 0.25s|%!s(<nil>)
smc73-m02: operation Read(415) completed in 0.23s|%!s(<nil>)
smc73-m02: operation Read(416) completed in 0.23s|%!s(<nil>)
smc73-m02: operation Read(417) completed in 0.27s|%!s(<nil>)
smc73-m02: operation Read(418) completed in 0.23s|%!s(<nil>)
smc73-m02: operation Read(419) completed in 0.26s|%!s(<nil>)
smc73-m02: operation Read(420) completed in 0.29s|%!s(<nil>)
smc73-m02: operation Read(421) completed in 0.23s|%!s(<nil>)
smc73-m02: operation Read(422) completed in 0.23s|%!s(<nil>)
smc73-m02: operation Read(423) completed in 0.23s|%!s(<nil>)
smc73-m02: operation Read(424) completed in 0.27s|%!s(<nil>)
smc73-m02: operation Read(425) completed in 0.24s|%!s(<nil>)
smc73-m02: operation Read(426) completed in 0.24s|%!s(<nil>)
smc73-m02: operation Read(427) completed in 0.23s|%!s(<nil>)
smc73-m02: operation Read(428) completed in 0.23s|%!s(<nil>)
smc73-m02: operation Read(429) completed in 0.23s|%!s(<nil>)
smc73-m02: operation Read(430) completed in 0.23s|%!s(<nil>)
smc73-m02: operation Read(431) completed in 0.23s|%!s(<nil>)
smc73-m02: operation Read(432) completed in 0.23s|%!s(<nil>)
smc73-m02: operation Read(433) completed in 0.28s|%!s(<nil>)
smc73-m02: operation Read(434) completed in 0.23s|%!s(<nil>)
smc73-m02: operation Read(435) completed in 0.23s|%!s(<nil>)
smc73-m02: operation Read(436) completed in 0.28s|%!s(<nil>)
smc73-m02: operation Read(437) completed in 0.33s|%!s(<nil>)
smc73-m02: operation Read(438) completed in 0.30s|%!s(<nil>)
smc73-m02: operation Read(439) completed in 0.23s|%!s(<nil>)
smc73-m02: operation Read(440) completed in 0.22s|%!s(<nil>)
smc73-m02: operation Read(441) completed in 0.25s|%!s(<nil>)
smc73-m02: operation Read(442) completed in 0.25s|%!s(<nil>)
smc73-m02: operation Read(443) completed in 0.23s|%!s(<nil>)
smc73-m02: operation Read(444) completed in 0.24s|%!s(<nil>)
smc73-m02: operation Read(445) completed in 0.25s|%!s(<nil>)
smc73-m02: operation Read(446) completed in 0.28s|%!s(<nil>)
smc73-m02: operation Read(447) completed in 0.27s|%!s(<nil>)
smc73-m02: operation Read(448) completed in 0.27s|%!s(<nil>)
smc73-m02: operation Read(449) completed in 0.25s|%!s(<nil>)
smc73-m02: operation Read(450) completed in 0.23s|%!s(<nil>)
smc73-m02: operation Read(451) completed in 0.29s|%!s(<nil>)
smc73-m02: operation Read(452) completed in 0.28s|%!s(<nil>)
smc73-m02: operation Read(453) completed in 0.31s|%!s(<nil>)
smc73-m02: operation Read(454) completed in 0.28s|%!s(<nil>)
smc73-m02: operation Read(455) completed in 0.23s|%!s(<nil>)
smc73-m02: operation Read(456) completed in 0.26s|%!s(<nil>)
smc73-m02: operation Read(457) completed in 0.25s|%!s(<nil>)
smc73-m02: operation Read(458) completed in 0.32s|%!s(<nil>)
smc73-m02: operation Read(459) completed in 0.32s|%!s(<nil>)
smc73-m02: operation Read(460) completed in 0.23s|%!s(<nil>)
smc73-m02: operation Read(461) completed in 0.30s|%!s(<nil>)
smc73-m02: operation Read(462) completed in 0.28s|%!s(<nil>)
smc73-m02: operation Read(463) completed in 0.26s|%!s(<nil>)
smc73-m02: operation Read(464) completed in 0.23s|%!s(<nil>)
smc73-m02: operation Read(465) completed in 0.24s|%!s(<nil>)
smc73-m02: operation Read(466) completed in 0.27s|%!s(<nil>)
smc73-m02: operation Read(467) completed in 0.25s|%!s(<nil>)
smc73-m02: operation Read(468) completed in 0.27s|%!s(<nil>)
smc73-m02: operation Read(469) completed in 0.23s|%!s(<nil>)
smc73-m02: operation Read(470) completed in 0.25s|%!s(<nil>)
smc73-m02: operation Read(471) completed in 0.23s|%!s(<nil>)
smc73-m02: operation Read(472) completed in 0.24s|%!s(<nil>)
smc73-m02: operation Read(473) completed in 0.26s|%!s(<nil>)
smc73-m02: operation Read(474) completed in 0.23s|%!s(<nil>)
smc73-m02: operation Read(475) completed in 0.24s|%!s(<nil>)
smc73-m02: operation Read(476) completed in 0.28s|%!s(<nil>)
smc73-m02: operation Read(477) completed in 0.26s|%!s(<nil>)
smc73-m02: operation Read(478) completed in 0.26s|%!s(<nil>)
smc73-m02: operation Read(479) completed in 0.22s|%!s(<nil>)
smc73-m02: operation Read(480) completed in 0.25s|%!s(<nil>)
smc73-m02: operation Read(481) completed in 0.23s|%!s(<nil>)
smc73-m02: operation Read(482) completed in 0.31s|%!s(<nil>)
smc73-m02: operation Read(483) completed in 0.23s|%!s(<nil>)
smc73-m02: operation Read(484) completed in 0.34s|%!s(<nil>)
smc73-m02: operation Read(485) completed in 0.26s|%!s(<nil>)
smc73-m02: operation Read(486) completed in 0.28s|%!s(<nil>)
smc73-m02: operation Read(487) completed in 0.23s|%!s(<nil>)
smc73-m02: operation Read(488) completed in 0.56s|%!s(<nil>)
smc73-m02: operation Read(489) completed in 0.57s|%!s(<nil>)
smc73-m02: operation Read(490) completed in 0.23s|%!s(<nil>)
smc73-m02: operation Read(491) completed in 0.28s|%!s(<nil>)
smc73-m02: operation Read(492) completed in 0.26s|%!s(<nil>)
smc73-m02: operation Read(493) completed in 0.24s|%!s(<nil>)
smc73-m02: operation Read(494) completed in 0.25s|%!s(<nil>)
smc73-m02: operation Read(495) completed in 0.31s|%!s(<nil>)
smc73-m02: operation Read(496) completed in 0.23s|%!s(<nil>)
smc73-m02: operation Read(497) completed in 0.28s|%!s(<nil>)
smc73-m02: operation Read(498) completed in 0.23s|%!s(<nil>)
smc73-m02: operation Read(499) completed in 0.23s|%!s(<nil>)
smc73-m02: operation Read(500) completed in 0.23s|%!s(<nil>)
smc73-m02: operation Read(501) completed in 0.27s|%!s(<nil>)
smc73-m02: operation Read(502) completed in 0.25s|%!s(<nil>)
smc73-m02: operation Read(503) completed in 0.23s|%!s(<nil>)
smc73-m02: operation Read(504) completed in 0.27s|%!s(<nil>)
smc73-m02: operation Read(505) completed in 0.22s|%!s(<nil>)
smc73-m02: operation Read(506) completed in 0.23s|%!s(<nil>)
smc73-m02: operation Read(507) completed in 0.28s|%!s(<nil>)
smc73-m02: operation Read(508) completed in 0.23s|%!s(<nil>)
smc73-m02: operation Read(509) completed in 0.22s|%!s(<nil>)
smc73-m02: operation Read(510) completed in 0.25s|%!s(<nil>)
smc73-m02: operation Read(511) completed in 0.25s|%!s(<nil>)
smc73-m02: operation Read(512) completed in 0.27s|%!s(<nil>)
smc73-m02: operation Read(513) completed in 0.22s|%!s(<nil>)
smc73-m02: operation Read(514) completed in 0.26s|%!s(<nil>)
smc73-m02: operation Read(515) completed in 0.23s|%!s(<nil>)
smc73-m02: operation Read(516) completed in 0.33s|%!s(<nil>)
smc73-m02: operation Read(517) completed in 0.22s|%!s(<nil>)
smc73-m02: operation Read(518) completed in 0.26s|%!s(<nil>)
smc73-m02: operation Read(519) completed in 0.30s|%!s(<nil>)
smc73-m02: operation Read(520) completed in 0.22s|%!s(<nil>)
smc73-m02: operation Read(521) completed in 0.23s|%!s(<nil>)
smc73-m02: operation Read(522) completed in 0.31s|%!s(<nil>)
smc73-m02: operation Read(523) completed in 0.24s|%!s(<nil>)
smc73-m02: operation Read(524) completed in 0.25s|%!s(<nil>)
smc73-m02: operation Read(525) completed in 0.23s|%!s(<nil>)
smc73-m02: operation Read(526) completed in 0.23s|%!s(<nil>)
smc73-m02: operation Read(527) completed in 0.23s|%!s(<nil>)
smc73-m02: operation Read(528) completed in 0.24s|%!s(<nil>)
smc73-m02: operation Read(529) completed in 0.22s|%!s(<nil>)
smc73-m02: operation Read(530) completed in 0.23s|%!s(<nil>)
smc73-m02: operation Read(531) completed in 0.27s|%!s(<nil>)
smc73-m02: operation Read(532) completed in 0.27s|%!s(<nil>)
smc73-m02: operation Read(533) completed in 0.24s|%!s(<nil>)
smc73-m02: operation Read(534) completed in 0.24s|%!s(<nil>)
smc73-m02: operation Read(535) completed in 0.22s|%!s(<nil>)
smc73-m02: operation Read(536) completed in 0.26s|%!s(<nil>)
smc73-m02: operation Read(537) completed in 0.23s|%!s(<nil>)
smc73-m02: operation Read(538) completed in 0.25s|%!s(<nil>)
smc73-m02: operation Read(539) completed in 0.30s|%!s(<nil>)
smc73-m02: operation Read(540) completed in 0.27s|%!s(<nil>)
smc73-m02: operation Read(541) completed in 0.24s|%!s(<nil>)
smc73-m02: operation Read(542) completed in 0.25s|%!s(<nil>)
smc73-m02: operation Read(543) completed in 0.24s|%!s(<nil>)
smc73-m02: operation Read(544) completed in 0.23s|%!s(<nil>)
smc73-m02: operation Read(545) completed in 0.25s|%!s(<nil>)
smc73-m02: operation Read(546) completed in 0.23s|%!s(<nil>)
smc73-m02: operation Read(547) completed in 0.22s|%!s(<nil>)
smc73-m02: operation Read(548) completed in 0.28s|%!s(<nil>)
smc73-m02: operation Read(549) completed in 0.24s|%!s(<nil>)
smc73-m02: operation Read(550) completed in 0.29s|%!s(<nil>)
smc73-m02: operation Read(551) completed in 0.23s|%!s(<nil>)
smc73-m02: operation Read(552) completed in 0.30s|%!s(<nil>)
smc73-m02: operation Read(553) completed in 0.23s|%!s(<nil>)
smc73-m02: operation Read(554) completed in 0.68s|%!s(<nil>)
smc73-m02: operation Read(555) completed in 0.24s|%!s(<nil>)
smc73-m02: operation Read(556) completed in 0.24s|%!s(<nil>)
smc73-m02: operation Read(557) completed in 0.29s|%!s(<nil>)
smc73-m02: operation Read(558) completed in 0.23s|%!s(<nil>)
smc73-m02: operation Read(559) completed in 0.30s|%!s(<nil>)
smc73-m02: operation Read(560) completed in 0.27s|%!s(<nil>)
smc73-m02: operation Read(561) completed in 0.27s|%!s(<nil>)
smc73-m02: operation Read(562) completed in 0.25s|%!s(<nil>)
smc73-m02: operation Read(563) completed in 0.25s|%!s(<nil>)
smc73-m02: operation Read(564) completed in 0.24s|%!s(<nil>)
smc73-m02: operation Read(565) completed in 0.23s|%!s(<nil>)
smc73-m02: operation Read(566) completed in 0.25s|%!s(<nil>)
smc73-m02: operation Read(567) completed in 0.23s|%!s(<nil>)
smc73-m02: operation Read(568) completed in 0.30s|%!s(<nil>)
smc73-m02: operation Read(569) completed in 0.23s|%!s(<nil>)
smc73-m02: operation Read(570) completed in 0.24s|%!s(<nil>)
smc73-m02: operation Read(571) completed in 0.23s|%!s(<nil>)
smc73-m02: operation Read(572) completed in 0.28s|%!s(<nil>)
smc73-m02: operation Read(573) completed in 0.23s|%!s(<nil>)
smc73-m02: operation Read(574) completed in 0.30s|%!s(<nil>)
smc73-m02: operation Read(575) completed in 0.27s|%!s(<nil>)
smc73-m02: operation Read(576) completed in 0.27s|%!s(<nil>)
smc73-m02: operation Read(577) completed in 0.34s|%!s(<nil>)
smc73-m02: operation Read(578) completed in 0.26s|%!s(<nil>)
smc73-m02: operation Read(579) completed in 0.26s|%!s(<nil>)
smc73-m02: operation Read(580) completed in 0.25s|%!s(<nil>)
smc73-m02: operation Read(581) completed in 0.23s|%!s(<nil>)
smc73-m02: operation Read(582) completed in 0.23s|%!s(<nil>)
smc73-m02: operation Read(583) completed in 0.23s|%!s(<nil>)
smc73-m02: operation Read(584) completed in 0.30s|%!s(<nil>)
smc73-m02: operation Read(585) completed in 0.24s|%!s(<nil>)
smc73-m02: operation Read(586) completed in 0.23s|%!s(<nil>)
smc73-m02: operation Read(587) completed in 0.26s|%!s(<nil>)
smc73-m02: operation Read(588) completed in 0.27s|%!s(<nil>)
smc73-m02: operation Read(589) completed in 0.23s|%!s(<nil>)
smc73-m02: operation Read(590) completed in 0.22s|%!s(<nil>)
smc73-m02: operation Read(591) completed in 0.24s|%!s(<nil>)
smc73-m02: operation Read(592) completed in 0.33s|%!s(<nil>)
smc73-m02: operation Read(593) completed in 0.27s|%!s(<nil>)
smc73-m02: operation Read(594) completed in 0.33s|%!s(<nil>)
smc73-m02: operation Read(595) completed in 0.24s|%!s(<nil>)
smc73-m02: operation Read(596) completed in 0.22s|%!s(<nil>)
smc73-m02: operation Read(597) completed in 0.24s|%!s(<nil>)
smc73-m02: operation Read(598) completed in 0.32s|%!s(<nil>)
smc73-m02: operation Read(599) completed in 0.23s|%!s(<nil>)
smc73-m02: operation Read(600) completed in 0.28s|%!s(<nil>)
smc73-m02: operation Read(601) completed in 0.23s|%!s(<nil>)
smc73-m02: operation Read(602) completed in 0.29s|%!s(<nil>)
smc73-m02: operation Read(603) completed in 0.28s|%!s(<nil>)
smc73-m02: operation Read(604) completed in 0.24s|%!s(<nil>)
smc73-m02: operation Read(605) completed in 0.25s|%!s(<nil>)
smc73-m02: operation Read(606) completed in 0.29s|%!s(<nil>)
smc73-m02: operation Read(607) completed in 0.23s|%!s(<nil>)
smc73-m02: operation Read(608) completed in 0.24s|%!s(<nil>)
smc73-m02: operation Read(609) completed in 0.26s|%!s(<nil>)
smc73-m02: operation Read(610) completed in 0.23s|%!s(<nil>)
smc73-m02: operation Read(611) completed in 0.28s|%!s(<nil>)
smc73-m02: operation Read(612) completed in 0.23s|%!s(<nil>)
smc73-m02: operation Read(613) completed in 0.25s|%!s(<nil>)
smc73-m02: operation Read(614) completed in 0.24s|%!s(<nil>)
smc73-m02: operation Read(615) completed in 0.25s|%!s(<nil>)
smc73-m02: operation Read(616) completed in 0.24s|%!s(<nil>)
smc73-m02: operation Read(617) completed in 0.23s|%!s(<nil>)
smc73-m02: operation Read(618) completed in 0.25s|%!s(<nil>)
smc73-m02: operation Read(619) completed in 0.23s|%!s(<nil>)
smc73-m02: operation Read(620) completed in 0.24s|%!s(<nil>)
smc73-m02: operation Read(621) completed in 0.28s|%!s(<nil>)
smc73-m02: operation Read(622) completed in 0.28s|%!s(<nil>)
smc73-m02: operation Read(623) completed in 0.27s|%!s(<nil>)
smc73-m02: operation Read(624) completed in 0.26s|%!s(<nil>)
smc73-m02: operation Read(625) completed in 0.23s|%!s(<nil>)
smc73-m02: operation Read(626) completed in 0.28s|%!s(<nil>)
smc73-m02: operation Read(627) completed in 0.24s|%!s(<nil>)
smc73-m02: operation Read(628) completed in 0.24s|%!s(<nil>)
smc73-m02: operation Read(629) completed in 0.26s|%!s(<nil>)
smc73-m02: operation Read(630) completed in 0.30s|%!s(<nil>)
smc73-m02: operation Read(631) completed in 0.29s|%!s(<nil>)
smc73-m02: operation Read(632) completed in 0.30s|%!s(<nil>)
smc73-m02: operation Read(633) completed in 0.23s|%!s(<nil>)
smc73-m02: operation Read(634) completed in 0.26s|%!s(<nil>)
smc73-m02: operation Read(635) completed in 0.23s|%!s(<nil>)
smc73-m02: operation Read(636) completed in 0.23s|%!s(<nil>)
smc73-m02: operation Read(637) completed in 0.30s|%!s(<nil>)
smc73-m02: operation Read(638) completed in 0.23s|%!s(<nil>)
smc73-m02: operation Read(639) completed in 0.24s|%!s(<nil>)
smc73-m02: operation Read(640) completed in 0.29s|%!s(<nil>)
smc73-m02: Cleaning up 16 objects...
smc73-m02: Deleting a batch of 16 objects in range {0, 15}...  done in 623.286005ms | err <nil>
smc73-m02: Deleting bucket...
smc73-m02: Succeeded
smc73-m02: {"Parameters":{"TLSHandshakeTimeout":0,"bucket":"bmax","connectTimeout":0,"deleteAtOnce":1000,"deleteClients":1,"deleteOnly":false,"endpoints":["https://s3.seagate.com"],"getObjTag":false,"headObj":false,"httpClientTimeout":0,"idleConnTimeout":0,"jsonOutput":true,"maxIdleConnsPerHost":0,"multipartSize":0,"numClients":1,"numSamples":16,"numTags":10,"objectNamePrefix":"loadgen_test","objectSize (MB)":128,"protocolDebug":0,"putObjTag":false,"readObj":true,"reportFormat":"Version;Parameters;Parameters:numClients;Parameters:numSamples;Parameters:objectSize (MB);Parameters:sampleReads;Parameters:readObj;Parameters:headObj;Parameters:putObjTag;Parameters:getObjTag;Tests:Operation;Tests:RPS;Tests:Total Requests Count;Tests:Errors Count;Tests:Total Throughput (MB/s);Tests:Total Duration (s);Tests:Total Transferred (MB);Tests:Duration Max;Tests:Duration Avg;Tests:Duration Min;Tests:Ttfb Max;Tests:Ttfb Avg;Tests:Ttfb Min;-Tests:Duration 25th-ile;-Tests:Duration 50th-ile;-Tests:Duration 75th-ile;-Tests:Ttfb 25th-ile;-Tests:Ttfb 50th-ile;-Tests:Ttfb 75th-ile;","responseHeaderTimeout":0,"s3Disable100Continue":false,"s3MaxRetries":-1,"sampleReads":40,"skipRead":false,"skipWrite":false,"tagNamePrefix":"tag_name_","tagValPrefix":"tag_val_","validate":false,"verbose":true,"zero":false},"Tests":[{"Duration 25th-ile":4.151072208,"Duration 50th-ile":4.316908738,"Duration 75th-ile":4.656688422,"Duration 90th-ile":4.869155299,"Duration 99th-ile":4.879551405,"Duration Avg":4.36424512325,"Duration Max":4.879551405,"Duration Min":3.972168611,"Errors":null,"Errors Count":0,"Operation":"Write","RPS":0.2291338798171603,"Total Duration (s)":69.828172127,"Total Requests Count":16,"Total Throughput (MB/s)":29.329136616596518,"Total Transferred (MB)":2048,"Ttfb 25th-ile":4.151071763,"Ttfb 50th-ile":4.316908332,"Ttfb 75th-ile":4.656687997,"Ttfb 90th-ile":4.8691547889999995,"Ttfb 99th-ile":4.879550972,"Ttfb Avg":4.3642446911874995,"Ttfb Max":4.879550972,"Ttfb Min":3.972168232},{"Duration 25th-ile":0.233378264,"Duration 50th-ile":0.244871427,"Duration 75th-ile":0.273671398,"Duration 90th-ile":0.301390728,"Duration 99th-ile":0.497077771,"Duration Avg":0.25933770750312485,"Duration Max":0.793246832,"Duration Min":0.219521923,"Errors":null,"Errors Count":0,"Operation":"Read","RPS":3.8559401642198066,"Total Duration (s)":165.977679306,"Total Requests Count":640,"Total Throughput (MB/s)":493.56034102013524,"Total Transferred (MB)":81920,"Ttfb 25th-ile":0.075942136,"Ttfb 50th-ile":0.077687702,"Ttfb 75th-ile":0.080322332,"Ttfb 90th-ile":0.095401367,"Ttfb 99th-ile":0.222875098,"Ttfb Avg":0.08560824480156246,"Ttfb Max":0.642361328,"Ttfb Min":0.070633929}],"Version":"2021-02-04-04:50:32-04b03ce50b88c07fe8bf0e60b74af03dfbc12c38"}
